#
# There is insufficient memory for the Java Runtime Environment to continue.
# Native memory allocation (malloc) failed to allocate 879696 bytes. Error detail: Chunk::new
# Possible reasons:
#   The system is out of physical RAM or swap space
#   This process is running with CompressedOops enabled, and the Java Heap may be blocking the growth of the native heap
# Possible solutions:
#   Reduce memory load on the system
#   Increase physical memory or swap space
#   Check if swap backing store is full
#   Decrease Java heap size (-Xmx/-Xms)
#   Decrease number of Java threads
#   Decrease Java thread stack sizes (-Xss)
#   Set larger code cache with -XX:ReservedCodeCacheSize=
#   JVM is running with Unscaled Compressed Oops mode in which the Java heap is
#     placed in the first 4GB address space. The Java Heap base address is the
#     maximum limit for the native heap growth. Please use -XX:HeapBaseMinAddress
#     to set the Java Heap base and to place the Java Heap above 4GB virtual address.
# This output file may be truncated or incomplete.
#
#  Out of Memory Error (arena.cpp:168), pid=15500, tid=23568
#
# JRE version: OpenJDK Runtime Environment Temurin-21.0.6+7 (21.0.6+7) (build 21.0.6+7-LTS)
# Java VM: OpenJDK 64-Bit Server VM Temurin-21.0.6+7 (21.0.6+7-LTS, mixed mode, sharing, tiered, compressed oops, compressed class ptrs, parallel gc, windows-amd64)
# No core dump will be written. Minidumps are not enabled by default on client versions of Windows
#

---------------  S U M M A R Y ------------

Command Line: --add-modules=ALL-SYSTEM --add-opens=java.base/java.util=ALL-UNNAMED --add-opens=java.base/java.lang=ALL-UNNAMED --add-opens=java.base/sun.nio.fs=ALL-UNNAMED -Declipse.application=org.eclipse.jdt.ls.core.id1 -Dosgi.bundles.defaultStartLevel=4 -Declipse.product=org.eclipse.jdt.ls.core.product -Djava.import.generatesMetadataFilesAtProjectRoot=false -DDetectVMInstallationsJob.disabled=true -Dfile.encoding=utf8 -XX:+UseParallelGC -XX:GCTimeRatio=4 -XX:AdaptiveSizePolicyWeight=90 -Dsun.zip.disableMemoryMapping=true -Xmx1G -Xms100m -Xlog:disable -javaagent:c:\Users\MSI\.vscode\extensions\redhat.java-1.40.0-win32-x64\lombok\lombok-1.18.36.jar -XX:+HeapDumpOnOutOfMemoryError -XX:HeapDumpPath=c:\Users\MSI\AppData\Roaming\Code\User\workspaceStorage\a22236fb255b440882c4dd0002239719\redhat.java -Daether.dependencyCollector.impl=bf c:\Users\MSI\.vscode\extensions\redhat.java-1.40.0-win32-x64\server\plugins\org.eclipse.equinox.launcher_1.6.1000.v20250131-0606.jar -configuration c:\Users\MSI\AppData\Roaming\Code\User\globalStorage\redhat.java\1.40.0\config_win -data c:\Users\MSI\AppData\Roaming\Code\User\workspaceStorage\a22236fb255b440882c4dd0002239719\redhat.java\jdt_ws --pipe=\\.\pipe\lsp-a326eedf75962797d7e0b2aa7fe44fcc-sock

Host: Intel(R) Core(TM) i5-10500H CPU @ 2.50GHz, 12 cores, 15G,  Windows 11 , 64 bit Build 26100 (10.0.26100.3037)
Time: Sat Mar  1 14:37:38 2025 SE Asia Standard Time elapsed time: 11.449325 seconds (0d 0h 0m 11s)

---------------  T H R E A D  ---------------

Current thread (0x00000265117c77e0):  JavaThread "C2 CompilerThread1" daemon [_thread_in_native, id=23568, stack(0x000000b54c100000,0x000000b54c200000) (1024K)]


Current CompileTask:
C2:11449 5140   !   4       org.eclipse.osgi.internal.loader.classpath.ClasspathManager::findLocalClass (210 bytes)

Stack: [0x000000b54c100000,0x000000b54c200000]
Native frames: (J=compiled Java code, j=interpreted, Vv=VM code, C=native code)
V  [jvm.dll+0x6cdee9]
V  [jvm.dll+0x8a83d1]
V  [jvm.dll+0x8aa8fe]
V  [jvm.dll+0x8aafe3]
V  [jvm.dll+0x27f706]
V  [jvm.dll+0xc500d]
V  [jvm.dll+0xc5543]
V  [jvm.dll+0x2f2acd]
V  [jvm.dll+0x5f6a2a]
V  [jvm.dll+0x250bb2]
V  [jvm.dll+0x250f6f]
V  [jvm.dll+0x249834]
V  [jvm.dll+0x246ec4]
V  [jvm.dll+0x1c75ee]
V  [jvm.dll+0x25685a]
V  [jvm.dll+0x254dfa]
V  [jvm.dll+0x3f0256]
V  [jvm.dll+0x851f8b]
V  [jvm.dll+0x6cc5ed]
C  [ucrtbase.dll+0x37b0]
C  [KERNEL32.DLL+0x2e8d7]
C  [ntdll.dll+0xbbf2c]


---------------  P R O C E S S  ---------------

Threads class SMR info:
_java_thread_list=0x000002651061af60, length=43, elements={
0x00000264b4234d20, 0x00000264c861c310, 0x00000264c861e8a0, 0x00000264b42d8130,
0x00000264b42d8c80, 0x00000264b42dce70, 0x00000264b42dd8c0, 0x00000264b42e0700,
0x000002650ab26f80, 0x000002650ab92a00, 0x0000026510004640, 0x0000026510a566f0,
0x000002651025e720, 0x0000026510a6ca50, 0x000002651097ebd0, 0x0000026510d592f0,
0x0000026510f9db70, 0x0000026510ca95e0, 0x0000026510ba7760, 0x0000026510ba8480,
0x0000026510ba8b10, 0x0000026510ba70d0, 0x00000265117c77e0, 0x0000026510ba63b0,
0x0000026510ba7df0, 0x0000026510ba5d20, 0x0000026510ba91a0, 0x0000026510ba6a40,
0x00000265135a90a0, 0x00000265135a8a10, 0x00000265135a9dc0, 0x00000265135a7cf0,
0x00000265135a9730, 0x00000265135a6940, 0x00000265135a8380, 0x00000265135aa450,
0x00000265135a6fd0, 0x00000265135aaae0, 0x00000265135a7660, 0x00000265135acbb0,
0x00000265135ac520, 0x00000265135ab170, 0x00000265135adf60
}

Java Threads: ( => current thread )
  0x00000264b4234d20 JavaThread "main"                              [_thread_blocked, id=23180, stack(0x000000b549f00000,0x000000b54a000000) (1024K)]
  0x00000264c861c310 JavaThread "Reference Handler"          daemon [_thread_blocked, id=21580, stack(0x000000b54a300000,0x000000b54a400000) (1024K)]
  0x00000264c861e8a0 JavaThread "Finalizer"                  daemon [_thread_blocked, id=20708, stack(0x000000b54a400000,0x000000b54a500000) (1024K)]
  0x00000264b42d8130 JavaThread "Signal Dispatcher"          daemon [_thread_blocked, id=24016, stack(0x000000b54a500000,0x000000b54a600000) (1024K)]
  0x00000264b42d8c80 JavaThread "Attach Listener"            daemon [_thread_blocked, id=17792, stack(0x000000b54a600000,0x000000b54a700000) (1024K)]
  0x00000264b42dce70 JavaThread "Service Thread"             daemon [_thread_blocked, id=18984, stack(0x000000b54a700000,0x000000b54a800000) (1024K)]
  0x00000264b42dd8c0 JavaThread "Monitor Deflation Thread"   daemon [_thread_blocked, id=3192, stack(0x000000b54a800000,0x000000b54a900000) (1024K)]
  0x00000264b42e0700 JavaThread "C2 CompilerThread0"         daemon [_thread_in_native, id=24084, stack(0x000000b54a900000,0x000000b54aa00000) (1024K)]
  0x000002650ab26f80 JavaThread "C1 CompilerThread0"         daemon [_thread_blocked, id=22508, stack(0x000000b54aa00000,0x000000b54ab00000) (1024K)]
  0x000002650ab92a00 JavaThread "Common-Cleaner"             daemon [_thread_blocked, id=18804, stack(0x000000b54ab00000,0x000000b54ac00000) (1024K)]
  0x0000026510004640 JavaThread "Notification Thread"        daemon [_thread_blocked, id=20512, stack(0x000000b54ad00000,0x000000b54ae00000) (1024K)]
  0x0000026510a566f0 JavaThread "Active Thread: Equinox Container: d1e05125-61ba-4c2c-a093-acebe4eb287f"        [_thread_blocked, id=24396, stack(0x000000b54b500000,0x000000b54b600000) (1024K)]
  0x000002651025e720 JavaThread "Refresh Thread: Equinox Container: d1e05125-61ba-4c2c-a093-acebe4eb287f" daemon [_thread_blocked, id=7460, stack(0x000000b54b600000,0x000000b54b700000) (1024K)]
  0x0000026510a6ca50 JavaThread "Framework Event Dispatcher: Equinox Container: d1e05125-61ba-4c2c-a093-acebe4eb287f" daemon [_thread_blocked, id=25876, stack(0x000000b54b700000,0x000000b54b800000) (1024K)]
  0x000002651097ebd0 JavaThread "Start Level: Equinox Container: d1e05125-61ba-4c2c-a093-acebe4eb287f" daemon [_thread_blocked, id=8448, stack(0x000000b54b900000,0x000000b54ba00000) (1024K)]
  0x0000026510d592f0 JavaThread "Bundle File Closer"         daemon [_thread_blocked, id=25340, stack(0x000000b54b300000,0x000000b54b400000) (1024K)]
  0x0000026510f9db70 JavaThread "SCR Component Actor"        daemon [_thread_blocked, id=2120, stack(0x000000b54bb00000,0x000000b54bc00000) (1024K)]
  0x0000026510ca95e0 JavaThread "SCR Component Registry"     daemon [_thread_blocked, id=25252, stack(0x000000b54bc00000,0x000000b54bd00000) (1024K)]
  0x0000026510ba7760 JavaThread "Worker-JM"                         [_thread_blocked, id=26520, stack(0x000000b54be00000,0x000000b54bf00000) (1024K)]
  0x0000026510ba8480 JavaThread "JNA Cleaner"                daemon [_thread_blocked, id=24000, stack(0x000000b54bd00000,0x000000b54be00000) (1024K)]
  0x0000026510ba8b10 JavaThread "Worker-0"                          [_thread_blocked, id=1668, stack(0x000000b54bf00000,0x000000b54c000000) (1024K)]
  0x0000026510ba70d0 JavaThread "Worker-1: Repository registry initialization"        [_thread_in_native, id=1812, stack(0x000000b54c000000,0x000000b54c100000) (1024K)]
=>0x00000265117c77e0 JavaThread "C2 CompilerThread1"         daemon [_thread_in_native, id=23568, stack(0x000000b54c100000,0x000000b54c200000) (1024K)]
  0x0000026510ba63b0 JavaThread "Java indexing"              daemon [_thread_in_Java, id=5264, stack(0x000000b54c300000,0x000000b54c400000) (1024K)]
  0x0000026510ba7df0 JavaThread "Worker-2"                          [_thread_blocked, id=19092, stack(0x000000b54c600000,0x000000b54c700000) (1024K)]
  0x0000026510ba5d20 JavaThread "Worker-3: Java indexing... "        [_thread_blocked, id=23712, stack(0x000000b54c700000,0x000000b54c800000) (1024K)]
  0x0000026510ba91a0 JavaThread "Worker-4"                          [_thread_blocked, id=26352, stack(0x000000b54c800000,0x000000b54c900000) (1024K)]
  0x0000026510ba6a40 JavaThread "Thread-2"                   daemon [_thread_in_native, id=13272, stack(0x000000b54c900000,0x000000b54ca00000) (1024K)]
  0x00000265135a90a0 JavaThread "Thread-3"                   daemon [_thread_in_native, id=6580, stack(0x000000b54ca00000,0x000000b54cb00000) (1024K)]
  0x00000265135a8a10 JavaThread "Thread-4"                   daemon [_thread_in_native, id=18892, stack(0x000000b54cb00000,0x000000b54cc00000) (1024K)]
  0x00000265135a9dc0 JavaThread "Thread-5"                   daemon [_thread_in_native, id=26132, stack(0x000000b54cc00000,0x000000b54cd00000) (1024K)]
  0x00000265135a7cf0 JavaThread "Thread-6"                   daemon [_thread_in_native, id=8792, stack(0x000000b54cd00000,0x000000b54ce00000) (1024K)]
  0x00000265135a9730 JavaThread "Thread-7"                   daemon [_thread_in_native, id=21160, stack(0x000000b54ce00000,0x000000b54cf00000) (1024K)]
  0x00000265135a6940 JavaThread "Thread-8"                   daemon [_thread_in_native, id=19676, stack(0x000000b54cf00000,0x000000b54d000000) (1024K)]
  0x00000265135a8380 JavaThread "Thread-9"                   daemon [_thread_in_native, id=23480, stack(0x000000b54d000000,0x000000b54d100000) (1024K)]
  0x00000265135aa450 JavaThread "Thread-10"                  daemon [_thread_in_native, id=21652, stack(0x000000b54d100000,0x000000b54d200000) (1024K)]
  0x00000265135a6fd0 JavaThread "Thread-11"                  daemon [_thread_in_native, id=23024, stack(0x000000b54d200000,0x000000b54d300000) (1024K)]
  0x00000265135aaae0 JavaThread "Thread-12"                  daemon [_thread_in_native, id=3452, stack(0x000000b54d300000,0x000000b54d400000) (1024K)]
  0x00000265135a7660 JavaThread "Thread-13"                  daemon [_thread_in_native, id=7956, stack(0x000000b54d400000,0x000000b54d500000) (1024K)]
  0x00000265135acbb0 JavaThread "Thread-14"                  daemon [_thread_in_native, id=10108, stack(0x000000b54d500000,0x000000b54d600000) (1024K)]
  0x00000265135ac520 JavaThread "pool-2-thread-1"                   [_thread_blocked, id=7832, stack(0x000000b54d600000,0x000000b54d700000) (1024K)]
  0x00000265135ab170 JavaThread "WorkspaceEventsHandler"            [_thread_blocked, id=18472, stack(0x000000b54d700000,0x000000b54d800000) (1024K)]
  0x00000265135adf60 JavaThread "pool-1-thread-1"                   [_thread_blocked, id=22964, stack(0x000000b54d800000,0x000000b54d900000) (1024K)]
Total: 43

Other Threads:
  0x00000264c8604950 VMThread "VM Thread"                           [id=796, stack(0x000000b54a200000,0x000000b54a300000) (1024K)]
  0x00000264b429d410 WatcherThread "VM Periodic Task Thread"        [id=4964, stack(0x000000b54a100000,0x000000b54a200000) (1024K)]
  0x00000264b4252010 WorkerThread "GC Thread#0"                     [id=5624, stack(0x000000b54a000000,0x000000b54a100000) (1024K)]
  0x00000265103ae500 WorkerThread "GC Thread#1"                     [id=23300, stack(0x000000b54ac00000,0x000000b54ad00000) (1024K)]
  0x00000265105f9f60 WorkerThread "GC Thread#2"                     [id=2032, stack(0x000000b54ae00000,0x000000b54af00000) (1024K)]
  0x00000265105fa300 WorkerThread "GC Thread#3"                     [id=25932, stack(0x000000b54af00000,0x000000b54b000000) (1024K)]
  0x00000265105fa6a0 WorkerThread "GC Thread#4"                     [id=22240, stack(0x000000b54b000000,0x000000b54b100000) (1024K)]
  0x00000265105e7330 WorkerThread "GC Thread#5"                     [id=22620, stack(0x000000b54b100000,0x000000b54b200000) (1024K)]
  0x00000265105e7ee0 WorkerThread "GC Thread#6"                     [id=18284, stack(0x000000b54b200000,0x000000b54b300000) (1024K)]
  0x000002651097b010 WorkerThread "GC Thread#7"                     [id=18392, stack(0x000000b54b800000,0x000000b54b900000) (1024K)]
  0x0000026510981ff0 WorkerThread "GC Thread#8"                     [id=1312, stack(0x000000b54b400000,0x000000b54b500000) (1024K)]
  0x00000265109818b0 WorkerThread "GC Thread#9"                     [id=9248, stack(0x000000b54ba00000,0x000000b54bb00000) (1024K)]
Total: 12

Threads with active compile tasks:
C2 CompilerThread0  11487 5347   !   4       java.util.zip.InflaterInputStream::read (129 bytes)
C1 CompilerThread0  11488 5353       3       com.google.common.base.Equivalence::hash (12 bytes)
C2 CompilerThread1  11489 5140   !   4       org.eclipse.osgi.internal.loader.classpath.ClasspathManager::findLocalClass (210 bytes)
Total: 3

VM state: not at safepoint (normal execution)

VM Mutex/Monitor currently owned by a thread: None

Heap address: 0x00000000c0000000, size: 1024 MB, Compressed Oops mode: 32-bit

CDS archive(s) mapped at: [0x00000264c9000000-0x00000264c9ba0000-0x00000264c9ba0000), size 12189696, SharedBaseAddress: 0x00000264c9000000, ArchiveRelocationMode: 1.
Compressed class space mapped at: 0x00000264ca000000-0x000002650a000000, reserved size: 1073741824
Narrow klass base: 0x00000264c9000000, Narrow klass shift: 0, Narrow klass range: 0x100000000

GC Precious Log:
 CardTable entry size: 512
 CPUs: 12 total, 12 available
 Memory: 16202M
 Large Page Support: Disabled
 NUMA Support: Disabled
 Compressed Oops: Enabled (32-bit)
 Alignments: Space 512K, Generation 512K, Heap 2M
 Heap Min Capacity: 100M
 Heap Initial Capacity: 100M
 Heap Max Capacity: 1G
 Pre-touch: Disabled
 Parallel Workers: 10

Heap:
 PSYoungGen      total 22528K, used 5997K [0x00000000eab00000, 0x00000000ec580000, 0x0000000100000000)
  eden space 22016K, 24% used [0x00000000eab00000,0x00000000eb05b748,0x00000000ec080000)
  from space 512K, 100% used [0x00000000ec500000,0x00000000ec580000,0x00000000ec580000)
  to   space 2048K, 0% used [0x00000000ec180000,0x00000000ec180000,0x00000000ec380000)
 ParOldGen       total 68608K, used 21192K [0x00000000c0000000, 0x00000000c4300000, 0x00000000eab00000)
  object space 68608K, 30% used [0x00000000c0000000,0x00000000c14b2218,0x00000000c4300000)
 Metaspace       used 41572K, committed 42880K, reserved 1114112K
  class space    used 4347K, committed 4864K, reserved 1048576K

Card table byte_map: [0x00000264b3bd0000,0x00000264b3de0000] _byte_map_base: 0x00000264b35d0000

Marking Bits: (ParMarkBitMap*) 0x00007ffeecd43260
 Begin Bits: [0x00000264c6420000, 0x00000264c7420000)
 End Bits:   [0x00000264c7420000, 0x00000264c8420000)

Polling page: 0x00000264b20f0000

Metaspace:

Usage:
  Non-class:     36.35 MB used.
      Class:      4.25 MB used.
       Both:     40.60 MB used.

Virtual space:
  Non-class space:       64.00 MB reserved,      37.12 MB ( 58%) committed,  1 nodes.
      Class space:        1.00 GB reserved,       4.75 MB ( <1%) committed,  1 nodes.
             Both:        1.06 GB reserved,      41.88 MB (  4%) committed. 

Chunk freelists:
   Non-Class:  10.47 MB
       Class:  11.08 MB
        Both:  21.55 MB

MaxMetaspaceSize: unlimited
CompressedClassSpaceSize: 1.00 GB
Initial GC threshold: 21.00 MB
Current GC threshold: 58.38 MB
CDS: on
 - commit_granule_bytes: 65536.
 - commit_granule_words: 8192.
 - virtual_space_node_default_size: 8388608.
 - enlarge_chunks_in_place: 1.
 - use_allocation_guard: 0.


Internal statistics:

num_allocs_failed_limit: 6.
num_arena_births: 916.
num_arena_deaths: 14.
num_vsnodes_births: 2.
num_vsnodes_deaths: 0.
num_space_committed: 670.
num_space_uncommitted: 0.
num_chunks_returned_to_freelist: 20.
num_chunks_taken_from_freelist: 2836.
num_chunk_merges: 9.
num_chunk_splits: 1731.
num_chunks_enlarged: 919.
num_inconsistent_stats: 0.

CodeHeap 'non-profiled nmethods': size=120000Kb used=2434Kb max_used=2434Kb free=117565Kb
 bounds [0x00000264beef0000, 0x00000264bf160000, 0x00000264c6420000]
CodeHeap 'profiled nmethods': size=120000Kb used=9621Kb max_used=9754Kb free=110378Kb
 bounds [0x00000264b7420000, 0x00000264b7db0000, 0x00000264be950000]
CodeHeap 'non-nmethods': size=5760Kb used=1363Kb max_used=1442Kb free=4396Kb
 bounds [0x00000264be950000, 0x00000264bebc0000, 0x00000264beef0000]
 total_blobs=5430 nmethods=4771 adapters=565
 compilation: enabled
              stopped_count=0, restarted_count=0
 full_count=0

Compilation events (20 events):
Event: 11.357 Thread 0x000002650ab26f80 nmethod 5338 0x00000264b7435b10 code [0x00000264b7435ca0, 0x00000264b7435db8]
Event: 11.357 Thread 0x000002650ab26f80 5340       3       java.lang.reflect.AccessibleObject::isAnnotationPresent (6 bytes)
Event: 11.357 Thread 0x000002650ab26f80 nmethod 5340 0x00000264b7435610 code [0x00000264b74357c0, 0x00000264b7435a40]
Event: 11.358 Thread 0x00000264b42e0700 nmethod 5337 0x00000264bef6b810 code [0x00000264bef6b9c0, 0x00000264bef6bb18]
Event: 11.358 Thread 0x00000264b42e0700 5339       4       java.lang.StringConcatHelper::mix (27 bytes)
Event: 11.358 Thread 0x000002650ab26f80 5341       3       org.eclipse.sisu.space.asm.ByteVector::putShort (52 bytes)
Event: 11.358 Thread 0x0000026510ae2080 nmethod 5319 0x00000264bef4ec90 code [0x00000264bef4efc0, 0x00000264bef500c0]
Event: 11.358 Thread 0x000002650ab26f80 nmethod 5341 0x00000264b746d690 code [0x00000264b746d840, 0x00000264b746da40]
Event: 11.359 Thread 0x0000026510ae2080 5342       4       java.util.stream.Nodes$FixedNodeBuilder::accept (61 bytes)
Event: 11.359 Thread 0x00000264b42e0700 nmethod 5339 0x00000264bef4e890 code [0x00000264bef4ea20, 0x00000264bef4eb08]
Event: 11.361 Thread 0x0000026510ae2080 nmethod 5342 0x00000264bef6b390 code [0x00000264bef6b520, 0x00000264bef6b6d8]
Event: 11.364 Thread 0x000002650ab26f80 5343       3       com.google.inject.internal.ProviderInstanceBindingImpl::<init> (23 bytes)
Event: 11.365 Thread 0x000002650ab26f80 nmethod 5343 0x00000264b746d110 code [0x00000264b746d2c0, 0x00000264b746d558]
Event: 11.391 Thread 0x000002650ab26f80 5344       3       java.lang.reflect.Field::getGenericType (20 bytes)
Event: 11.392 Thread 0x000002650ab26f80 nmethod 5344 0x00000264b746c590 code [0x00000264b746c7a0, 0x00000264b746ce78]
Event: 11.410 Thread 0x000002650ab26f80 5345  s!   3       jdk.internal.loader.URLClassPath::getLoader (194 bytes)
Event: 11.411 Thread 0x000002650ab26f80 nmethod 5345 0x00000264b760ed10 code [0x00000264b760f000, 0x00000264b76103f8]
Event: 11.439 Thread 0x000002650ab26f80 5346       3       org.eclipse.sisu.space.asm.SymbolTable::get (13 bytes)
Event: 11.439 Thread 0x000002650ab26f80 nmethod 5346 0x00000264b746c190 code [0x00000264b746c340, 0x00000264b746c498]
Event: 11.445 Thread 0x00000264b42e0700 5347   !   4       java.util.zip.InflaterInputStream::read (129 bytes)

GC Heap History (20 events):
Event: 8.742 GC heap before
{Heap before GC invocations=9 (full 1):
 PSYoungGen      total 29184K, used 24576K [0x00000000eab00000, 0x00000000ecc00000, 0x0000000100000000)
  eden space 24576K, 100% used [0x00000000eab00000,0x00000000ec300000,0x00000000ec300000)
  from space 4608K, 0% used [0x00000000ec400000,0x00000000ec400000,0x00000000ec880000)
  to   space 3584K, 0% used [0x00000000ec880000,0x00000000ec880000,0x00000000ecc00000)
 ParOldGen       total 68608K, used 12967K [0x00000000c0000000, 0x00000000c4300000, 0x00000000eab00000)
  object space 68608K, 18% used [0x00000000c0000000,0x00000000c0ca9e30,0x00000000c4300000)
 Metaspace       used 22997K, committed 24000K, reserved 1114112K
  class space    used 2284K, committed 2752K, reserved 1048576K
}
Event: 8.744 GC heap after
{Heap after GC invocations=9 (full 1):
 PSYoungGen      total 25088K, used 832K [0x00000000eab00000, 0x00000000ec980000, 0x0000000100000000)
  eden space 24064K, 0% used [0x00000000eab00000,0x00000000eab00000,0x00000000ec280000)
  from space 1024K, 81% used [0x00000000ec880000,0x00000000ec9500b0,0x00000000ec980000)
  to   space 2560K, 0% used [0x00000000ec480000,0x00000000ec480000,0x00000000ec700000)
 ParOldGen       total 68608K, used 12975K [0x00000000c0000000, 0x00000000c4300000, 0x00000000eab00000)
  object space 68608K, 18% used [0x00000000c0000000,0x00000000c0cabe30,0x00000000c4300000)
 Metaspace       used 22997K, committed 24000K, reserved 1114112K
  class space    used 2284K, committed 2752K, reserved 1048576K
}
Event: 8.955 GC heap before
{Heap before GC invocations=10 (full 1):
 PSYoungGen      total 25088K, used 24896K [0x00000000eab00000, 0x00000000ec980000, 0x0000000100000000)
  eden space 24064K, 100% used [0x00000000eab00000,0x00000000ec280000,0x00000000ec280000)
  from space 1024K, 81% used [0x00000000ec880000,0x00000000ec9500b0,0x00000000ec980000)
  to   space 2560K, 0% used [0x00000000ec480000,0x00000000ec480000,0x00000000ec700000)
 ParOldGen       total 68608K, used 12975K [0x00000000c0000000, 0x00000000c4300000, 0x00000000eab00000)
  object space 68608K, 18% used [0x00000000c0000000,0x00000000c0cabe30,0x00000000c4300000)
 Metaspace       used 26398K, committed 27456K, reserved 1114112K
  class space    used 2539K, committed 3008K, reserved 1048576K
}
Event: 8.957 GC heap after
{Heap after GC invocations=10 (full 1):
 PSYoungGen      total 25600K, used 1979K [0x00000000eab00000, 0x00000000ec900000, 0x0000000100000000)
  eden space 23552K, 0% used [0x00000000eab00000,0x00000000eab00000,0x00000000ec200000)
  from space 2048K, 96% used [0x00000000ec480000,0x00000000ec66ee50,0x00000000ec680000)
  to   space 2560K, 0% used [0x00000000ec680000,0x00000000ec680000,0x00000000ec900000)
 ParOldGen       total 68608K, used 13756K [0x00000000c0000000, 0x00000000c4300000, 0x00000000eab00000)
  object space 68608K, 20% used [0x00000000c0000000,0x00000000c0d6f340,0x00000000c4300000)
 Metaspace       used 26398K, committed 27456K, reserved 1114112K
  class space    used 2539K, committed 3008K, reserved 1048576K
}
Event: 9.246 GC heap before
{Heap before GC invocations=11 (full 1):
 PSYoungGen      total 25600K, used 25531K [0x00000000eab00000, 0x00000000ec900000, 0x0000000100000000)
  eden space 23552K, 100% used [0x00000000eab00000,0x00000000ec200000,0x00000000ec200000)
  from space 2048K, 96% used [0x00000000ec480000,0x00000000ec66ee50,0x00000000ec680000)
  to   space 2560K, 0% used [0x00000000ec680000,0x00000000ec680000,0x00000000ec900000)
 ParOldGen       total 68608K, used 13756K [0x00000000c0000000, 0x00000000c4300000, 0x00000000eab00000)
  object space 68608K, 20% used [0x00000000c0000000,0x00000000c0d6f340,0x00000000c4300000)
 Metaspace       used 28063K, committed 28992K, reserved 1114112K
  class space    used 2685K, committed 3072K, reserved 1048576K
}
Event: 9.248 GC heap after
{Heap after GC invocations=11 (full 1):
 PSYoungGen      total 25600K, used 2238K [0x00000000eab00000, 0x00000000ec900000, 0x0000000100000000)
  eden space 23040K, 0% used [0x00000000eab00000,0x00000000eab00000,0x00000000ec180000)
  from space 2560K, 87% used [0x00000000ec680000,0x00000000ec8af8f0,0x00000000ec900000)
  to   space 2560K, 0% used [0x00000000ec400000,0x00000000ec400000,0x00000000ec680000)
 ParOldGen       total 68608K, used 14409K [0x00000000c0000000, 0x00000000c4300000, 0x00000000eab00000)
  object space 68608K, 21% used [0x00000000c0000000,0x00000000c0e12698,0x00000000c4300000)
 Metaspace       used 28063K, committed 28992K, reserved 1114112K
  class space    used 2685K, committed 3072K, reserved 1048576K
}
Event: 9.746 GC heap before
{Heap before GC invocations=12 (full 1):
 PSYoungGen      total 25600K, used 25278K [0x00000000eab00000, 0x00000000ec900000, 0x0000000100000000)
  eden space 23040K, 100% used [0x00000000eab00000,0x00000000ec180000,0x00000000ec180000)
  from space 2560K, 87% used [0x00000000ec680000,0x00000000ec8af8f0,0x00000000ec900000)
  to   space 2560K, 0% used [0x00000000ec400000,0x00000000ec400000,0x00000000ec680000)
 ParOldGen       total 68608K, used 14409K [0x00000000c0000000, 0x00000000c4300000, 0x00000000eab00000)
  object space 68608K, 21% used [0x00000000c0000000,0x00000000c0e12698,0x00000000c4300000)
 Metaspace       used 31396K, committed 32512K, reserved 1114112K
  class space    used 3068K, committed 3520K, reserved 1048576K
}
Event: 9.749 GC heap after
{Heap after GC invocations=12 (full 1):
 PSYoungGen      total 24576K, used 1885K [0x00000000eab00000, 0x00000000ec700000, 0x0000000100000000)
  eden space 22528K, 0% used [0x00000000eab00000,0x00000000eab00000,0x00000000ec100000)
  from space 2048K, 92% used [0x00000000ec400000,0x00000000ec5d7700,0x00000000ec600000)
  to   space 1024K, 0% used [0x00000000ec600000,0x00000000ec600000,0x00000000ec700000)
 ParOldGen       total 68608K, used 16483K [0x00000000c0000000, 0x00000000c4300000, 0x00000000eab00000)
  object space 68608K, 24% used [0x00000000c0000000,0x00000000c1018fd0,0x00000000c4300000)
 Metaspace       used 31396K, committed 32512K, reserved 1114112K
  class space    used 3068K, committed 3520K, reserved 1048576K
}
Event: 10.016 GC heap before
{Heap before GC invocations=13 (full 1):
 PSYoungGen      total 24576K, used 24413K [0x00000000eab00000, 0x00000000ec700000, 0x0000000100000000)
  eden space 22528K, 100% used [0x00000000eab00000,0x00000000ec100000,0x00000000ec100000)
  from space 2048K, 92% used [0x00000000ec400000,0x00000000ec5d7700,0x00000000ec600000)
  to   space 1024K, 0% used [0x00000000ec600000,0x00000000ec600000,0x00000000ec700000)
 ParOldGen       total 68608K, used 16483K [0x00000000c0000000, 0x00000000c4300000, 0x00000000eab00000)
  object space 68608K, 24% used [0x00000000c0000000,0x00000000c1018fd0,0x00000000c4300000)
 Metaspace       used 34405K, committed 35520K, reserved 1114112K
  class space    used 3455K, committed 3904K, reserved 1048576K
}
Event: 10.019 GC heap after
{Heap after GC invocations=13 (full 1):
 PSYoungGen      total 23040K, used 1013K [0x00000000eab00000, 0x00000000ec700000, 0x0000000100000000)
  eden space 22016K, 0% used [0x00000000eab00000,0x00000000eab00000,0x00000000ec080000)
  from space 1024K, 98% used [0x00000000ec600000,0x00000000ec6fd420,0x00000000ec700000)
  to   space 3072K, 0% used [0x00000000ec100000,0x00000000ec100000,0x00000000ec400000)
 ParOldGen       total 68608K, used 18195K [0x00000000c0000000, 0x00000000c4300000, 0x00000000eab00000)
  object space 68608K, 26% used [0x00000000c0000000,0x00000000c11c4f78,0x00000000c4300000)
 Metaspace       used 34405K, committed 35520K, reserved 1114112K
  class space    used 3455K, committed 3904K, reserved 1048576K
}
Event: 10.051 GC heap before
{Heap before GC invocations=14 (full 1):
 PSYoungGen      total 23040K, used 3670K [0x00000000eab00000, 0x00000000ec700000, 0x0000000100000000)
  eden space 22016K, 12% used [0x00000000eab00000,0x00000000ead98700,0x00000000ec080000)
  from space 1024K, 98% used [0x00000000ec600000,0x00000000ec6fd420,0x00000000ec700000)
  to   space 3072K, 0% used [0x00000000ec100000,0x00000000ec100000,0x00000000ec400000)
 ParOldGen       total 68608K, used 18195K [0x00000000c0000000, 0x00000000c4300000, 0x00000000eab00000)
  object space 68608K, 26% used [0x00000000c0000000,0x00000000c11c4f78,0x00000000c4300000)
 Metaspace       used 34654K, committed 35840K, reserved 1114112K
  class space    used 3491K, committed 3968K, reserved 1048576K
}
Event: 10.053 GC heap after
{Heap after GC invocations=14 (full 1):
 PSYoungGen      total 25088K, used 800K [0x00000000eab00000, 0x00000000ec680000, 0x0000000100000000)
  eden space 22016K, 0% used [0x00000000eab00000,0x00000000eab00000,0x00000000ec080000)
  from space 3072K, 26% used [0x00000000ec100000,0x00000000ec1c8000,0x00000000ec400000)
  to   space 1536K, 0% used [0x00000000ec500000,0x00000000ec500000,0x00000000ec680000)
 ParOldGen       total 68608K, used 19059K [0x00000000c0000000, 0x00000000c4300000, 0x00000000eab00000)
  object space 68608K, 27% used [0x00000000c0000000,0x00000000c129ceb8,0x00000000c4300000)
 Metaspace       used 34654K, committed 35840K, reserved 1114112K
  class space    used 3491K, committed 3968K, reserved 1048576K
}
Event: 10.053 GC heap before
{Heap before GC invocations=15 (full 2):
 PSYoungGen      total 25088K, used 800K [0x00000000eab00000, 0x00000000ec680000, 0x0000000100000000)
  eden space 22016K, 0% used [0x00000000eab00000,0x00000000eab00000,0x00000000ec080000)
  from space 3072K, 26% used [0x00000000ec100000,0x00000000ec1c8000,0x00000000ec400000)
  to   space 1536K, 0% used [0x00000000ec500000,0x00000000ec500000,0x00000000ec680000)
 ParOldGen       total 68608K, used 19059K [0x00000000c0000000, 0x00000000c4300000, 0x00000000eab00000)
  object space 68608K, 27% used [0x00000000c0000000,0x00000000c129ceb8,0x00000000c4300000)
 Metaspace       used 34654K, committed 35840K, reserved 1114112K
  class space    used 3491K, committed 3968K, reserved 1048576K
}
Event: 10.099 GC heap after
{Heap after GC invocations=15 (full 2):
 PSYoungGen      total 25088K, used 0K [0x00000000eab00000, 0x00000000ec680000, 0x0000000100000000)
  eden space 22016K, 0% used [0x00000000eab00000,0x00000000eab00000,0x00000000ec080000)
  from space 3072K, 0% used [0x00000000ec100000,0x00000000ec100000,0x00000000ec400000)
  to   space 1536K, 0% used [0x00000000ec500000,0x00000000ec500000,0x00000000ec680000)
 ParOldGen       total 68608K, used 18971K [0x00000000c0000000, 0x00000000c4300000, 0x00000000eab00000)
  object space 68608K, 27% used [0x00000000c0000000,0x00000000c1286fc0,0x00000000c4300000)
 Metaspace       used 34654K, committed 35840K, reserved 1114112K
  class space    used 3491K, committed 3968K, reserved 1048576K
}
Event: 10.375 GC heap before
{Heap before GC invocations=16 (full 2):
 PSYoungGen      total 25088K, used 22016K [0x00000000eab00000, 0x00000000ec680000, 0x0000000100000000)
  eden space 22016K, 100% used [0x00000000eab00000,0x00000000ec080000,0x00000000ec080000)
  from space 3072K, 0% used [0x00000000ec100000,0x00000000ec100000,0x00000000ec400000)
  to   space 1536K, 0% used [0x00000000ec500000,0x00000000ec500000,0x00000000ec680000)
 ParOldGen       total 68608K, used 18971K [0x00000000c0000000, 0x00000000c4300000, 0x00000000eab00000)
  object space 68608K, 27% used [0x00000000c0000000,0x00000000c1286fc0,0x00000000c4300000)
 Metaspace       used 36484K, committed 37696K, reserved 1114112K
  class space    used 3726K, committed 4224K, reserved 1048576K
}
Event: 10.378 GC heap after
{Heap after GC invocations=16 (full 2):
 PSYoungGen      total 23552K, used 1248K [0x00000000eab00000, 0x00000000ec680000, 0x0000000100000000)
  eden space 22016K, 0% used [0x00000000eab00000,0x00000000eab00000,0x00000000ec080000)
  from space 1536K, 81% used [0x00000000ec500000,0x00000000ec638000,0x00000000ec680000)
  to   space 1536K, 0% used [0x00000000ec380000,0x00000000ec380000,0x00000000ec500000)
 ParOldGen       total 68608K, used 18979K [0x00000000c0000000, 0x00000000c4300000, 0x00000000eab00000)
  object space 68608K, 27% used [0x00000000c0000000,0x00000000c1288fc0,0x00000000c4300000)
 Metaspace       used 36484K, committed 37696K, reserved 1114112K
  class space    used 3726K, committed 4224K, reserved 1048576K
}
Event: 10.850 GC heap before
{Heap before GC invocations=17 (full 2):
 PSYoungGen      total 23552K, used 23264K [0x00000000eab00000, 0x00000000ec680000, 0x0000000100000000)
  eden space 22016K, 100% used [0x00000000eab00000,0x00000000ec080000,0x00000000ec080000)
  from space 1536K, 81% used [0x00000000ec500000,0x00000000ec638000,0x00000000ec680000)
  to   space 1536K, 0% used [0x00000000ec380000,0x00000000ec380000,0x00000000ec500000)
 ParOldGen       total 68608K, used 18979K [0x00000000c0000000, 0x00000000c4300000, 0x00000000eab00000)
  object space 68608K, 27% used [0x00000000c0000000,0x00000000c1288fc0,0x00000000c4300000)
 Metaspace       used 38299K, committed 39616K, reserved 1114112K
  class space    used 3953K, committed 4480K, reserved 1048576K
}
Event: 10.853 GC heap after
{Heap after GC invocations=17 (full 2):
 PSYoungGen      total 23552K, used 1184K [0x00000000eab00000, 0x00000000ec580000, 0x0000000100000000)
  eden space 22016K, 0% used [0x00000000eab00000,0x00000000eab00000,0x00000000ec080000)
  from space 1536K, 77% used [0x00000000ec380000,0x00000000ec4a8000,0x00000000ec500000)
  to   space 512K, 0% used [0x00000000ec500000,0x00000000ec500000,0x00000000ec580000)
 ParOldGen       total 68608K, used 19987K [0x00000000c0000000, 0x00000000c4300000, 0x00000000eab00000)
  object space 68608K, 29% used [0x00000000c0000000,0x00000000c1384fc0,0x00000000c4300000)
 Metaspace       used 38299K, committed 39616K, reserved 1114112K
  class space    used 3953K, committed 4480K, reserved 1048576K
}
Event: 11.202 GC heap before
{Heap before GC invocations=18 (full 2):
 PSYoungGen      total 23552K, used 23200K [0x00000000eab00000, 0x00000000ec580000, 0x0000000100000000)
  eden space 22016K, 100% used [0x00000000eab00000,0x00000000ec080000,0x00000000ec080000)
  from space 1536K, 77% used [0x00000000ec380000,0x00000000ec4a8000,0x00000000ec500000)
  to   space 512K, 0% used [0x00000000ec500000,0x00000000ec500000,0x00000000ec580000)
 ParOldGen       total 68608K, used 19987K [0x00000000c0000000, 0x00000000c4300000, 0x00000000eab00000)
  object space 68608K, 29% used [0x00000000c0000000,0x00000000c1384fc0,0x00000000c4300000)
 Metaspace       used 41072K, committed 42368K, reserved 1114112K
  class space    used 4278K, committed 4800K, reserved 1048576K
}
Event: 11.204 GC heap after
{Heap after GC invocations=18 (full 2):
 PSYoungGen      total 22528K, used 512K [0x00000000eab00000, 0x00000000ec580000, 0x0000000100000000)
  eden space 22016K, 0% used [0x00000000eab00000,0x00000000eab00000,0x00000000ec080000)
  from space 512K, 100% used [0x00000000ec500000,0x00000000ec580000,0x00000000ec580000)
  to   space 2048K, 0% used [0x00000000ec180000,0x00000000ec180000,0x00000000ec380000)
 ParOldGen       total 68608K, used 21192K [0x00000000c0000000, 0x00000000c4300000, 0x00000000eab00000)
  object space 68608K, 30% used [0x00000000c0000000,0x00000000c14b2218,0x00000000c4300000)
 Metaspace       used 41072K, committed 42368K, reserved 1114112K
  class space    used 4278K, committed 4800K, reserved 1048576K
}

Dll operation events (10 events):
Event: 0.020 Loaded shared library c:\Users\MSI\.vscode\extensions\redhat.java-1.40.0-win32-x64\jre\21.0.6-win32-x86_64\bin\java.dll
Event: 0.347 Loaded shared library c:\Users\MSI\.vscode\extensions\redhat.java-1.40.0-win32-x64\jre\21.0.6-win32-x86_64\bin\zip.dll
Event: 0.414 Loaded shared library C:\Users\MSI\.vscode\extensions\redhat.java-1.40.0-win32-x64\jre\21.0.6-win32-x86_64\bin\instrument.dll
Event: 0.428 Loaded shared library C:\Users\MSI\.vscode\extensions\redhat.java-1.40.0-win32-x64\jre\21.0.6-win32-x86_64\bin\net.dll
Event: 0.431 Loaded shared library C:\Users\MSI\.vscode\extensions\redhat.java-1.40.0-win32-x64\jre\21.0.6-win32-x86_64\bin\nio.dll
Event: 0.442 Loaded shared library C:\Users\MSI\.vscode\extensions\redhat.java-1.40.0-win32-x64\jre\21.0.6-win32-x86_64\bin\zip.dll
Event: 0.500 Loaded shared library C:\Users\MSI\.vscode\extensions\redhat.java-1.40.0-win32-x64\jre\21.0.6-win32-x86_64\bin\jimage.dll
Event: 0.843 Loaded shared library c:\Users\MSI\.vscode\extensions\redhat.java-1.40.0-win32-x64\jre\21.0.6-win32-x86_64\bin\verify.dll
Event: 3.563 Loaded shared library C:\Users\MSI\AppData\Roaming\Code\User\globalStorage\redhat.java\1.40.0\config_win\org.eclipse.equinox.launcher\org.eclipse.equinox.launcher.win32.win32.x86_64_1.2.1200.v20250212-0927\eclipse_11909.dll
Event: 7.380 Loaded shared library C:\Users\MSI\AppData\Local\Temp\jna--46003921\jna11656977441258787249.dll

Deoptimization events (20 events):
Event: 10.883 Thread 0x00000264b4234d20 Uncommon trap: trap_request=0xffffff45 fr.pc=0x00000264bef31950 relative=0x00000000000000b0
Event: 10.883 Thread 0x00000264b4234d20 Uncommon trap: reason=unstable_if action=reinterpret pc=0x00000264bef31950 method=java.lang.CharacterDataLatin1.digit(II)I @ 7 c2
Event: 10.883 Thread 0x00000264b4234d20 DEOPT PACKING pc=0x00000264bef31950 sp=0x000000b549ffe0d0
Event: 10.883 Thread 0x00000264b4234d20 DEOPT UNPACKING pc=0x00000264be9a3aa2 sp=0x000000b549ffe050 mode 2
Event: 11.351 Thread 0x0000026510ba70d0 Uncommon trap: trap_request=0xffffffd6 fr.pc=0x00000264bef6c274 relative=0x00000000000000d4
Event: 11.351 Thread 0x0000026510ba70d0 Uncommon trap: reason=array_check action=maybe_recompile pc=0x00000264bef6c274 method=java.util.stream.Nodes$FixedNodeBuilder.accept(Ljava/lang/Object;)V @ 28 c2
Event: 11.351 Thread 0x0000026510ba70d0 DEOPT PACKING pc=0x00000264bef6c274 sp=0x000000b54c0fe290
Event: 11.351 Thread 0x0000026510ba70d0 DEOPT UNPACKING pc=0x00000264be9a3aa2 sp=0x000000b54c0fe210 mode 2
Event: 11.351 Thread 0x0000026510ba70d0 Uncommon trap: trap_request=0xffffffd6 fr.pc=0x00000264bef6c274 relative=0x00000000000000d4
Event: 11.351 Thread 0x0000026510ba70d0 Uncommon trap: reason=array_check action=maybe_recompile pc=0x00000264bef6c274 method=java.util.stream.Nodes$FixedNodeBuilder.accept(Ljava/lang/Object;)V @ 28 c2
Event: 11.351 Thread 0x0000026510ba70d0 DEOPT PACKING pc=0x00000264bef6c274 sp=0x000000b54c0fe290
Event: 11.351 Thread 0x0000026510ba70d0 DEOPT UNPACKING pc=0x00000264be9a3aa2 sp=0x000000b54c0fe210 mode 2
Event: 11.351 Thread 0x0000026510ba70d0 Uncommon trap: trap_request=0xffffffd6 fr.pc=0x00000264bef6c274 relative=0x00000000000000d4
Event: 11.353 Thread 0x0000026510ba70d0 Uncommon trap: reason=array_check action=maybe_recompile pc=0x00000264bef6c274 method=java.util.stream.Nodes$FixedNodeBuilder.accept(Ljava/lang/Object;)V @ 28 c2
Event: 11.353 Thread 0x0000026510ba70d0 DEOPT PACKING pc=0x00000264bef6c274 sp=0x000000b54c0fe290
Event: 11.353 Thread 0x0000026510ba70d0 DEOPT UNPACKING pc=0x00000264be9a3aa2 sp=0x000000b54c0fe210 mode 2
Event: 11.353 Thread 0x0000026510ba70d0 Uncommon trap: trap_request=0xffffffd6 fr.pc=0x00000264bef6c274 relative=0x00000000000000d4
Event: 11.356 Thread 0x0000026510ba70d0 Uncommon trap: reason=array_check action=maybe_recompile pc=0x00000264bef6c274 method=java.util.stream.Nodes$FixedNodeBuilder.accept(Ljava/lang/Object;)V @ 28 c2
Event: 11.357 Thread 0x0000026510ba70d0 DEOPT PACKING pc=0x00000264bef6c274 sp=0x000000b54c0fe270
Event: 11.357 Thread 0x0000026510ba70d0 DEOPT UNPACKING pc=0x00000264be9a3aa2 sp=0x000000b54c0fe1f0 mode 2

Classes loaded (20 events):
Event: 10.885 Loading class sun/util/locale/provider/CalendarNameProviderImpl done
Event: 10.885 Loading class sun/util/cldr/CLDRCalendarNameProviderImpl done
Event: 10.885 Loading class sun/util/locale/provider/CalendarNameProviderImpl$LengthBasedComparator
Event: 10.886 Loading class sun/util/locale/provider/CalendarNameProviderImpl$LengthBasedComparator done
Event: 10.886 Loading class sun/reflect/annotation/AnnotatedTypeFactory$AnnotatedParameterizedTypeImpl
Event: 10.887 Loading class java/lang/reflect/AnnotatedParameterizedType
Event: 10.887 Loading class java/lang/reflect/AnnotatedParameterizedType done
Event: 10.887 Loading class sun/reflect/annotation/AnnotatedTypeFactory$AnnotatedParameterizedTypeImpl done
Event: 10.923 Loading class java/time/format/DateTimeParseContext
Event: 10.924 Loading class java/time/format/DateTimeParseContext done
Event: 10.924 Loading class java/time/format/Parsed
Event: 10.924 Loading class java/time/format/Parsed done
Event: 10.951 Loading class java/util/concurrent/CompletionService
Event: 10.951 Loading class java/util/concurrent/CompletionService done
Event: 11.028 Loading class java/lang/ExceptionInInitializerError
Event: 11.028 Loading class java/lang/ExceptionInInitializerError done
Event: 11.123 Loading class sun/reflect/generics/scope/ConstructorScope
Event: 11.123 Loading class sun/reflect/generics/scope/ConstructorScope done
Event: 11.123 Loading class sun/reflect/generics/tree/VoidDescriptor
Event: 11.123 Loading class sun/reflect/generics/tree/VoidDescriptor done

Classes unloaded (7 events):
Event: 8.379 Thread 0x00000264c8604950 Unloading class 0x00000264ca19d400 'java/lang/invoke/LambdaForm$MH+0x00000264ca19d400'
Event: 8.379 Thread 0x00000264c8604950 Unloading class 0x00000264ca19d000 'java/lang/invoke/LambdaForm$MH+0x00000264ca19d000'
Event: 8.379 Thread 0x00000264c8604950 Unloading class 0x00000264ca19cc00 'java/lang/invoke/LambdaForm$MH+0x00000264ca19cc00'
Event: 8.379 Thread 0x00000264c8604950 Unloading class 0x00000264ca19c800 'java/lang/invoke/LambdaForm$MH+0x00000264ca19c800'
Event: 8.379 Thread 0x00000264c8604950 Unloading class 0x00000264ca19c400 'java/lang/invoke/LambdaForm$BMH+0x00000264ca19c400'
Event: 8.379 Thread 0x00000264c8604950 Unloading class 0x00000264ca19c000 'java/lang/invoke/LambdaForm$DMH+0x00000264ca19c000'
Event: 8.379 Thread 0x00000264c8604950 Unloading class 0x00000264ca19ac00 'java/lang/invoke/LambdaForm$DMH+0x00000264ca19ac00'

Classes redefined (0 events):
No events

Internal exceptions (20 events):
Event: 10.036 Thread 0x0000026510ba8b10 Exception <a 'sun/nio/fs/WindowsException'{0x00000000eac1c278}> (0x00000000eac1c278) 
thrown [s\src\hotspot\share\prims\jni.cpp, line 520]
Event: 10.036 Thread 0x0000026510ba8b10 Exception <a 'sun/nio/fs/WindowsException'{0x00000000eac1cb58}> (0x00000000eac1cb58) 
thrown [s\src\hotspot\share\prims\jni.cpp, line 520]
Event: 10.037 Thread 0x0000026510ba8b10 Exception <a 'sun/nio/fs/WindowsException'{0x00000000eac21c58}> (0x00000000eac21c58) 
thrown [s\src\hotspot\share\prims\jni.cpp, line 520]
Event: 10.038 Thread 0x0000026510ba8b10 Exception <a 'sun/nio/fs/WindowsException'{0x00000000eac224a8}> (0x00000000eac224a8) 
thrown [s\src\hotspot\share\prims\jni.cpp, line 520]
Event: 10.038 Thread 0x0000026510ba8b10 Exception <a 'sun/nio/fs/WindowsException'{0x00000000eac25240}> (0x00000000eac25240) 
thrown [s\src\hotspot\share\prims\jni.cpp, line 520]
Event: 10.038 Thread 0x0000026510ba8b10 Exception <a 'sun/nio/fs/WindowsException'{0x00000000eac25870}> (0x00000000eac25870) 
thrown [s\src\hotspot\share\prims\jni.cpp, line 520]
Event: 10.049 Thread 0x0000026510ba8b10 Exception <a 'java/io/FileNotFoundException'{0x00000000ead43d98}> (0x00000000ead43d98) 
thrown [s\src\hotspot\share\prims\jni.cpp, line 520]
Event: 10.198 Thread 0x0000026510ba70d0 Exception <a 'java/lang/NoClassDefFoundError'{0x00000000eb1219c8}: javax/enterprise/inject/Typed> (0x00000000eb1219c8) 
thrown [s\src\hotspot\share\classfile\systemDictionary.cpp, line 301]
Event: 10.219 Thread 0x0000026510ba8b10 Exception <a 'sun/nio/fs/WindowsException'{0x00000000eb1bbdf8}> (0x00000000eb1bbdf8) 
thrown [s\src\hotspot\share\prims\jni.cpp, line 520]
Event: 10.234 Thread 0x0000026510ba8b10 Exception <a 'sun/nio/fs/WindowsException'{0x00000000eb1bc428}> (0x00000000eb1bc428) 
thrown [s\src\hotspot\share\prims\jni.cpp, line 520]
Event: 10.400 Thread 0x0000026510ba8b10 Exception <a 'sun/nio/fs/WindowsException'{0x00000000eabeebb8}> (0x00000000eabeebb8) 
thrown [s\src\hotspot\share\prims\jni.cpp, line 520]
Event: 10.468 Thread 0x0000026510ba8b10 Exception <a 'java/io/FileNotFoundException'{0x00000000eaeb7768}> (0x00000000eaeb7768) 
thrown [s\src\hotspot\share\prims\jni.cpp, line 520]
Event: 10.469 Thread 0x0000026510ba8b10 Exception <a 'java/io/FileNotFoundException'{0x00000000eaeb89b8}> (0x00000000eaeb89b8) 
thrown [s\src\hotspot\share\prims\jni.cpp, line 520]
Event: 10.476 Thread 0x0000026510ba8b10 Exception <a 'java/lang/NoSuchMethodError'{0x00000000eaef4e00}: 'java.lang.Object java.lang.invoke.DirectMethodHandle$Holder.newInvokeSpecial(java.lang.Object, java.lang.Object, java.lang.Object, int)'> (0x00000000eaef4e00) 
thrown [s\src\hotspot\share\interpreter\linkResolver.cpp, line 773]
Event: 10.478 Thread 0x0000026510ba8b10 Exception <a 'java/lang/NoSuchMethodError'{0x00000000eaef8ab8}: 'java.lang.Object java.lang.invoke.DirectMethodHandle$Holder.invokeSpecial(java.lang.Object, java.lang.Object, java.lang.Object, java.lang.Object, int)'> (0x00000000eaef8ab8) 
thrown [s\src\hotspot\share\interpreter\linkResolver.cpp, line 773]
Event: 10.478 Thread 0x0000026510ba8b10 Exception <a 'java/lang/NoSuchMethodError'{0x00000000eaefbf60}: 'java.lang.Object java.lang.invoke.Invokers$Holder.linkToTargetMethod(java.lang.Object, java.lang.Object, int, java.lang.Object)'> (0x00000000eaefbf60) 
thrown [s\src\hotspot\share\interpreter\linkResolver.cpp, line 773]
Event: 10.480 Thread 0x0000026510ba8b10 Exception <a 'java/lang/NoSuchMethodError'{0x00000000eaf6a878}: 'void java.lang.invoke.DirectMethodHandle$Holder.invokeStaticInit(java.lang.Object, java.lang.Object, java.lang.Object)'> (0x00000000eaf6a878) 
thrown [s\src\hotspot\share\interpreter\linkResolver.cpp, line 773]
Event: 10.770 Thread 0x00000264b4234d20 Exception <a 'java/lang/NoSuchMethodError'{0x00000000ebc5e230}: 'void java.lang.invoke.DirectMethodHandle$Holder.invokeSpecial(java.lang.Object, java.lang.Object, java.lang.Object, java.lang.Object, java.lang.Object, java.lang.Object)'> (0x00000000ebc5e230) 
thrown [s\src\hotspot\share\interpreter\linkResolver.cpp, line 773]
Event: 10.772 Thread 0x00000264b4234d20 Exception <a 'java/lang/IncompatibleClassChangeError'{0x00000000ebc89038}: Found class java.lang.Object, but interface was expected> (0x00000000ebc89038) 
thrown [s\src\hotspot\share\interpreter\linkResolver.cpp, line 840]
Event: 10.774 Thread 0x00000264b4234d20 Exception <a 'java/lang/IncompatibleClassChangeError'{0x00000000ebc8aec0}: Found class java.lang.Object, but interface was expected> (0x00000000ebc8aec0) 
thrown [s\src\hotspot\share\interpreter\linkResolver.cpp, line 840]

ZGC Phase Switch (0 events):
No events

VM Operations (20 events):
Event: 9.482 Executing VM operation: HandshakeAllThreads (Deoptimize)
Event: 9.482 Executing VM operation: HandshakeAllThreads (Deoptimize) done
Event: 9.746 Executing VM operation: ParallelGCFailedAllocation (Allocation Failure)
Event: 9.749 Executing VM operation: ParallelGCFailedAllocation (Allocation Failure) done
Event: 10.015 Executing VM operation: ParallelGCFailedAllocation (Allocation Failure)
Event: 10.019 Executing VM operation: ParallelGCFailedAllocation (Allocation Failure) done
Event: 10.050 Executing VM operation: CollectForMetadataAllocation (Metadata GC Threshold)
Event: 10.099 Executing VM operation: CollectForMetadataAllocation (Metadata GC Threshold) done
Event: 10.179 Executing VM operation: HandshakeAllThreads (Deoptimize)
Event: 10.180 Executing VM operation: HandshakeAllThreads (Deoptimize) done
Event: 10.373 Executing VM operation: ParallelGCFailedAllocation (Allocation Failure)
Event: 10.378 Executing VM operation: ParallelGCFailedAllocation (Allocation Failure) done
Event: 10.850 Executing VM operation: ParallelGCFailedAllocation (Allocation Failure)
Event: 10.853 Executing VM operation: ParallelGCFailedAllocation (Allocation Failure) done
Event: 11.036 Executing VM operation: HandshakeAllThreads (Deoptimize)
Event: 11.036 Executing VM operation: HandshakeAllThreads (Deoptimize) done
Event: 11.201 Executing VM operation: ParallelGCFailedAllocation (Allocation Failure)
Event: 11.204 Executing VM operation: ParallelGCFailedAllocation (Allocation Failure) done
Event: 11.303 Executing VM operation: HandshakeAllThreads (Deoptimize)
Event: 11.304 Executing VM operation: HandshakeAllThreads (Deoptimize) done

Memory protections (0 events):
No events

Nmethod flushes (20 events):
Event: 10.075 Thread 0x00000264c8604950 flushing  nmethod 0x00000264b7a97490
Event: 10.075 Thread 0x00000264c8604950 flushing  nmethod 0x00000264b7a97910
Event: 10.075 Thread 0x00000264c8604950 flushing  nmethod 0x00000264b7a98010
Event: 10.075 Thread 0x00000264c8604950 flushing  nmethod 0x00000264b7a98810
Event: 10.075 Thread 0x00000264c8604950 flushing  nmethod 0x00000264b7aa8310
Event: 10.075 Thread 0x00000264c8604950 flushing  nmethod 0x00000264b7abfb90
Event: 10.075 Thread 0x00000264c8604950 flushing  nmethod 0x00000264b7ac9b10
Event: 10.075 Thread 0x00000264c8604950 flushing  nmethod 0x00000264b7ace010
Event: 10.075 Thread 0x00000264c8604950 flushing  nmethod 0x00000264b7adab10
Event: 10.075 Thread 0x00000264c8604950 flushing  nmethod 0x00000264b7ae2d10
Event: 10.075 Thread 0x00000264c8604950 flushing  nmethod 0x00000264b7b59610
Event: 10.075 Thread 0x00000264c8604950 flushing  nmethod 0x00000264b7b5c010
Event: 10.075 Thread 0x00000264c8604950 flushing  nmethod 0x00000264b7b7af10
Event: 10.075 Thread 0x00000264c8604950 flushing  nmethod 0x00000264b7b8dc90
Event: 10.075 Thread 0x00000264c8604950 flushing  nmethod 0x00000264b7b8e110
Event: 10.075 Thread 0x00000264c8604950 flushing  nmethod 0x00000264b7b90410
Event: 10.075 Thread 0x00000264c8604950 flushing  nmethod 0x00000264b7b91210
Event: 10.075 Thread 0x00000264c8604950 flushing  nmethod 0x00000264b7b91e90
Event: 10.075 Thread 0x00000264c8604950 flushing  nmethod 0x00000264b7b93710
Event: 10.075 Thread 0x00000264c8604950 flushing  nmethod 0x00000264b7ba7890

Events (20 events):
Event: 9.164 Thread 0x000002651097ebd0 Thread added: 0x0000026510ba63b0
Event: 9.651 Thread 0x0000026510ba8b10 Thread added: 0x0000026510ba7df0
Event: 9.677 Thread 0x0000026510ba7df0 Thread added: 0x0000026510ba5d20
Event: 9.789 Thread 0x0000026510ba5d20 Thread added: 0x0000026510ba91a0
Event: 9.877 Thread 0x00000264b4234d20 Thread added: 0x0000026510ba6a40
Event: 9.878 Thread 0x00000264b4234d20 Thread added: 0x00000265135a90a0
Event: 9.879 Thread 0x00000264b4234d20 Thread added: 0x00000265135a8a10
Event: 9.879 Thread 0x00000264b4234d20 Thread added: 0x00000265135a9dc0
Event: 9.880 Thread 0x00000264b4234d20 Thread added: 0x00000265135a7cf0
Event: 9.880 Thread 0x00000264b4234d20 Thread added: 0x00000265135a9730
Event: 9.881 Thread 0x00000264b4234d20 Thread added: 0x00000265135a6940
Event: 9.882 Thread 0x00000264b4234d20 Thread added: 0x00000265135a8380
Event: 9.883 Thread 0x00000264b4234d20 Thread added: 0x00000265135aa450
Event: 9.884 Thread 0x00000264b4234d20 Thread added: 0x00000265135a6fd0
Event: 9.884 Thread 0x00000264b4234d20 Thread added: 0x00000265135aaae0
Event: 9.884 Thread 0x00000264b4234d20 Thread added: 0x00000265135a7660
Event: 9.884 Thread 0x00000264b4234d20 Thread added: 0x00000265135acbb0
Event: 9.961 Thread 0x00000264b4234d20 Thread added: 0x00000265135ac520
Event: 10.857 Thread 0x00000264b4234d20 Thread added: 0x00000265135ab170
Event: 10.858 Thread 0x00000264b4234d20 Thread added: 0x00000265135adf60


Dynamic libraries:
0x00007ff69d400000 - 0x00007ff69d40e000 	c:\Users\MSI\.vscode\extensions\redhat.java-1.40.0-win32-x64\jre\21.0.6-win32-x86_64\bin\java.exe
0x00007fffa5300000 - 0x00007fffa5563000 	C:\WINDOWS\SYSTEM32\ntdll.dll
0x00007fffa4bf0000 - 0x00007fffa4cb7000 	C:\WINDOWS\System32\KERNEL32.DLL
0x00007fffa2950000 - 0x00007fffa2d17000 	C:\WINDOWS\System32\KERNELBASE.dll
0x00007fffa2800000 - 0x00007fffa294c000 	C:\WINDOWS\System32\ucrtbase.dll
0x00007fff8b160000 - 0x00007fff8b178000 	c:\Users\MSI\.vscode\extensions\redhat.java-1.40.0-win32-x64\jre\21.0.6-win32-x86_64\bin\jli.dll
0x00007fffa4ec0000 - 0x00007fffa5089000 	C:\WINDOWS\System32\USER32.dll
0x00007fffa26a0000 - 0x00007fffa26c7000 	C:\WINDOWS\System32\win32u.dll
0x00007fff86ee0000 - 0x00007fff87170000 	C:\WINDOWS\WinSxS\amd64_microsoft.windows.common-controls_6595b64144ccf1df_6.0.26100.3037_none_3e09262ce333c378\COMCTL32.dll
0x00007fff89620000 - 0x00007fff8963e000 	c:\Users\MSI\.vscode\extensions\redhat.java-1.40.0-win32-x64\jre\21.0.6-win32-x86_64\bin\VCRUNTIME140.dll
0x00007fffa4e90000 - 0x00007fffa4eba000 	C:\WINDOWS\System32\GDI32.dll
0x00007fffa26d0000 - 0x00007fffa27fb000 	C:\WINDOWS\System32\gdi32full.dll
0x00007fffa5210000 - 0x00007fffa52b9000 	C:\WINDOWS\System32\msvcrt.dll
0x00007fffa2fd0000 - 0x00007fffa3073000 	C:\WINDOWS\System32\msvcp_win.dll
0x00007fffa4e50000 - 0x00007fffa4e7f000 	C:\WINDOWS\System32\IMM32.DLL
0x00007fff95e00000 - 0x00007fff95e0c000 	c:\Users\MSI\.vscode\extensions\redhat.java-1.40.0-win32-x64\jre\21.0.6-win32-x86_64\bin\vcruntime140_1.dll
0x00007fff38670000 - 0x00007fff386fd000 	c:\Users\MSI\.vscode\extensions\redhat.java-1.40.0-win32-x64\jre\21.0.6-win32-x86_64\bin\msvcp140.dll
0x00007ffeec090000 - 0x00007ffeece20000 	c:\Users\MSI\.vscode\extensions\redhat.java-1.40.0-win32-x64\jre\21.0.6-win32-x86_64\bin\server\jvm.dll
0x00007fffa47a0000 - 0x00007fffa4854000 	C:\WINDOWS\System32\ADVAPI32.dll
0x00007fffa50a0000 - 0x00007fffa5146000 	C:\WINDOWS\System32\sechost.dll
0x00007fffa3b60000 - 0x00007fffa3c76000 	C:\WINDOWS\System32\RPCRT4.dll
0x00007fffa3a20000 - 0x00007fffa3a94000 	C:\WINDOWS\System32\WS2_32.dll
0x00007fffa1300000 - 0x00007fffa134e000 	C:\WINDOWS\SYSTEM32\POWRPROF.dll
0x00007fff963f0000 - 0x00007fff963fb000 	C:\WINDOWS\SYSTEM32\VERSION.dll
0x00007fff903c0000 - 0x00007fff903f6000 	C:\WINDOWS\SYSTEM32\WINMM.dll
0x00007fffa12e0000 - 0x00007fffa12f4000 	C:\WINDOWS\SYSTEM32\UMPDC.dll
0x00007fffa15a0000 - 0x00007fffa15ba000 	C:\WINDOWS\SYSTEM32\kernel.appcore.dll
0x00007fff91230000 - 0x00007fff9123a000 	c:\Users\MSI\.vscode\extensions\redhat.java-1.40.0-win32-x64\jre\21.0.6-win32-x86_64\bin\jimage.dll
0x00007fff8f660000 - 0x00007fff8f8a1000 	C:\WINDOWS\SYSTEM32\DBGHELP.DLL
0x00007fffa4860000 - 0x00007fffa4bde000 	C:\WINDOWS\System32\combase.dll
0x00007fffa3e20000 - 0x00007fffa3ef6000 	C:\WINDOWS\System32\OLEAUT32.dll
0x00007fff8d1e0000 - 0x00007fff8d219000 	C:\WINDOWS\SYSTEM32\dbgcore.DLL
0x00007fffa2db0000 - 0x00007fffa2e49000 	C:\WINDOWS\System32\bcryptPrimitives.dll
0x00007fff8bae0000 - 0x00007fff8baef000 	c:\Users\MSI\.vscode\extensions\redhat.java-1.40.0-win32-x64\jre\21.0.6-win32-x86_64\bin\instrument.dll
0x00007fff841b0000 - 0x00007fff841cf000 	c:\Users\MSI\.vscode\extensions\redhat.java-1.40.0-win32-x64\jre\21.0.6-win32-x86_64\bin\java.dll
0x00007fffa4070000 - 0x00007fffa4774000 	C:\WINDOWS\System32\SHELL32.dll
0x00007fffa03a0000 - 0x00007fffa0bd7000 	C:\WINDOWS\SYSTEM32\windows.storage.dll
0x00007fffa38e0000 - 0x00007fffa39c9000 	C:\WINDOWS\System32\SHCORE.dll
0x00007fffa5150000 - 0x00007fffa51ad000 	C:\WINDOWS\System32\shlwapi.dll
0x00007fffa25b0000 - 0x00007fffa25de000 	C:\WINDOWS\SYSTEM32\profapi.dll
0x00007fff82ab0000 - 0x00007fff82ac8000 	c:\Users\MSI\.vscode\extensions\redhat.java-1.40.0-win32-x64\jre\21.0.6-win32-x86_64\bin\zip.dll
0x00007fff8a440000 - 0x00007fff8a450000 	C:\Users\MSI\.vscode\extensions\redhat.java-1.40.0-win32-x64\jre\21.0.6-win32-x86_64\bin\net.dll
0x00007fff9c180000 - 0x00007fff9c29e000 	C:\WINDOWS\SYSTEM32\WINHTTP.dll
0x00007fffa1a90000 - 0x00007fffa1afa000 	C:\WINDOWS\system32\mswsock.dll
0x00007fff77e30000 - 0x00007fff77e46000 	C:\Users\MSI\.vscode\extensions\redhat.java-1.40.0-win32-x64\jre\21.0.6-win32-x86_64\bin\nio.dll
0x00007fff85660000 - 0x00007fff85670000 	c:\Users\MSI\.vscode\extensions\redhat.java-1.40.0-win32-x64\jre\21.0.6-win32-x86_64\bin\verify.dll
0x00007fff71a50000 - 0x00007fff71a95000 	C:\Users\MSI\AppData\Roaming\Code\User\globalStorage\redhat.java\1.40.0\config_win\org.eclipse.equinox.launcher\org.eclipse.equinox.launcher.win32.win32.x86_64_1.2.1200.v20250212-0927\eclipse_11909.dll
0x00007fffa3c80000 - 0x00007fffa3e15000 	C:\WINDOWS\System32\ole32.dll
0x00007fffa1e40000 - 0x00007fffa1e5c000 	C:\WINDOWS\SYSTEM32\CRYPTSP.dll
0x00007fffa1500000 - 0x00007fffa1538000 	C:\WINDOWS\system32\rsaenh.dll
0x00007fffa1b30000 - 0x00007fffa1b5b000 	C:\WINDOWS\SYSTEM32\USERENV.dll
0x00007fffa1fd0000 - 0x00007fffa1ff6000 	C:\WINDOWS\SYSTEM32\bcrypt.dll
0x00007fffa1cc0000 - 0x00007fffa1ccc000 	C:\WINDOWS\SYSTEM32\CRYPTBASE.dll
0x00007fffa0f30000 - 0x00007fffa0f62000 	C:\WINDOWS\SYSTEM32\IPHLPAPI.DLL
0x00007fffa5090000 - 0x00007fffa509a000 	C:\WINDOWS\System32\NSI.dll
0x00007fff5a650000 - 0x00007fff5a699000 	C:\Users\MSI\AppData\Local\Temp\jna--46003921\jna11656977441258787249.dll
0x00007fffa3b50000 - 0x00007fffa3b58000 	C:\WINDOWS\System32\PSAPI.DLL
0x00007fff9bc20000 - 0x00007fff9bc3f000 	C:\WINDOWS\SYSTEM32\dhcpcsvc6.DLL
0x00007fff9bba0000 - 0x00007fff9bbc5000 	C:\WINDOWS\SYSTEM32\dhcpcsvc.DLL

dbghelp: loaded successfully - version: 4.0.5 - missing functions: none
symbol engine: initialized successfully - sym options: 0x614 - pdb path: .;c:\Users\MSI\.vscode\extensions\redhat.java-1.40.0-win32-x64\jre\21.0.6-win32-x86_64\bin;C:\WINDOWS\SYSTEM32;C:\WINDOWS\WinSxS\amd64_microsoft.windows.common-controls_6595b64144ccf1df_6.0.26100.3037_none_3e09262ce333c378;c:\Users\MSI\.vscode\extensions\redhat.java-1.40.0-win32-x64\jre\21.0.6-win32-x86_64\bin\server;C:\Users\MSI\AppData\Roaming\Code\User\globalStorage\redhat.java\1.40.0\config_win\org.eclipse.equinox.launcher\org.eclipse.equinox.launcher.win32.win32.x86_64_1.2.1200.v20250212-0927;C:\Users\MSI\AppData\Local\Temp\jna--46003921

VM Arguments:
jvm_args: --add-modules=ALL-SYSTEM --add-opens=java.base/java.util=ALL-UNNAMED --add-opens=java.base/java.lang=ALL-UNNAMED --add-opens=java.base/sun.nio.fs=ALL-UNNAMED -Declipse.application=org.eclipse.jdt.ls.core.id1 -Dosgi.bundles.defaultStartLevel=4 -Declipse.product=org.eclipse.jdt.ls.core.product -Djava.import.generatesMetadataFilesAtProjectRoot=false -DDetectVMInstallationsJob.disabled=true -Dfile.encoding=utf8 -XX:+UseParallelGC -XX:GCTimeRatio=4 -XX:AdaptiveSizePolicyWeight=90 -Dsun.zip.disableMemoryMapping=true -Xmx1G -Xms100m -Xlog:disable -javaagent:c:\Users\MSI\.vscode\extensions\redhat.java-1.40.0-win32-x64\lombok\lombok-1.18.36.jar -XX:+HeapDumpOnOutOfMemoryError -XX:HeapDumpPath=c:\Users\MSI\AppData\Roaming\Code\User\workspaceStorage\a22236fb255b440882c4dd0002239719\redhat.java -Daether.dependencyCollector.impl=bf 
java_command: c:\Users\MSI\.vscode\extensions\redhat.java-1.40.0-win32-x64\server\plugins\org.eclipse.equinox.launcher_1.6.1000.v20250131-0606.jar -configuration c:\Users\MSI\AppData\Roaming\Code\User\globalStorage\redhat.java\1.40.0\config_win -data c:\Users\MSI\AppData\Roaming\Code\User\workspaceStorage\a22236fb255b440882c4dd0002239719\redhat.java\jdt_ws --pipe=\\.\pipe\lsp-a326eedf75962797d7e0b2aa7fe44fcc-sock
java_class_path (initial): c:\Users\MSI\.vscode\extensions\redhat.java-1.40.0-win32-x64\server\plugins\org.eclipse.equinox.launcher_1.6.1000.v20250131-0606.jar
Launcher Type: SUN_STANDARD

[Global flags]
    uintx AdaptiveSizePolicyWeight                 = 90                                        {product} {command line}
     intx CICompilerCount                          = 4                                         {product} {ergonomic}
    uintx GCTimeRatio                              = 4                                         {product} {command line}
     bool HeapDumpOnOutOfMemoryError               = true                                   {manageable} {command line}
    ccstr HeapDumpPath                             = c:\Users\MSI\AppData\Roaming\Code\User\workspaceStorage\a22236fb255b440882c4dd0002239719\redhat.java         {manageable} {command line}
   size_t InitialHeapSize                          = 104857600                                 {product} {command line}
   size_t MaxHeapSize                              = 1073741824                                {product} {command line}
   size_t MaxNewSize                               = 357564416                                 {product} {ergonomic}
   size_t MinHeapDeltaBytes                        = 524288                                    {product} {ergonomic}
   size_t MinHeapSize                              = 104857600                                 {product} {command line}
   size_t NewSize                                  = 34603008                                  {product} {ergonomic}
    uintx NonNMethodCodeHeapSize                   = 5839372                                {pd product} {ergonomic}
    uintx NonProfiledCodeHeapSize                  = 122909434                              {pd product} {ergonomic}
   size_t OldSize                                  = 70254592                                  {product} {ergonomic}
    uintx ProfiledCodeHeapSize                     = 122909434                              {pd product} {ergonomic}
    uintx ReservedCodeCacheSize                    = 251658240                              {pd product} {ergonomic}
     bool SegmentedCodeCache                       = true                                      {product} {ergonomic}
   size_t SoftMaxHeapSize                          = 1073741824                             {manageable} {ergonomic}
     bool UseCompressedOops                        = true                           {product lp64_product} {ergonomic}
     bool UseLargePagesIndividualAllocation        = false                                  {pd product} {ergonomic}
     bool UseParallelGC                            = true                                      {product} {command line}

Logging:
Log output configuration:
 #0: stdout all=off uptime,level,tags foldmultilines=false
 #1: stderr all=off uptime,level,tags foldmultilines=false

Environment Variables:
JAVA_HOME=C:\Program Files\Java\jdk-21
PATH=C:\Python312\Scripts\;C:\Python312\;C:\Program Files\Common Files\Oracle\Java\javapath;C:\WINDOWS\system32;C:\WINDOWS;C:\WINDOWS\System32\Wbem;C:\WINDOWS\System32\WindowsPowerShell\v1.0\;C:\WINDOWS\System32\OpenSSH\;C:\Program Files\Microsoft VS Code\bin;C:\ProgramData\chocolatey\bin;C:\MinGW\bin;C:\Program Files\MySQL\MySQL Server 8.0\bin;C:\Python312;C:\Users\MSI\AppData\Local\Programs\Python\Python312\Scripts\pip.exe;C:\Program Files\MongoDB\Server\7.0\bin;C:\Program Files\Java\jdk-21\bin;C:\Program Files (x86)\NVIDIA Corporation\PhysX\Common;C:\Program Files\Git\cmd;C:\Program Files\dotnet\;C:\Program Files\nodejs\;C:\xampp\php;C:\ProgramData\ComposerSetup\bin;C:\Program Files\NVIDIA Corporation\NVIDIA app\NvDLISR;C:\Program Files (x86)\Microsoft Visual Studio\2019\BuildTools\VC\Tools\MSVC\14.29.30133\bin\Hostx64\x64\cl.exe;C:\apache-maven-3.9.9-bin\apache-maven-3.9.9\bin;C:\Program Files\Docker\Docker\resources\bin;C:\Program Files\Docker\Docker\resources\bin;C:\Program Files\Cloudflare\Cloudflare WARP\;C:\Program Files\Common Files\Oracle\Java\javapath;C:\WINDOWS\system32;C:\WINDOWS;C:\WINDOWS\System32\Wbem;C:\WINDOWS\System32\WindowsPowerShell\v1.0\;C:\WINDOWS\System32\OpenSSH\;C:\Program Files\Microsoft VS Code\bin;C:\ProgramData\chocolatey\bin;C:\MinGW\bin;C:\Program Files\nodejs\;C:\Program Files\MySQL\MySQL Server 8.0\bin;C:\Python312;C:\Users\MSI\AppData\Local\Programs\Python\Python312\Scripts\pip.exe;C:\Program Files\MongoDB\Server\7.0\bin;C:\Program Files\Java\jdk-21\bin;C:\Program Files\NVIDIA Corporation\NVIDIA NvDLISR;C:\Program Files (x86)\NVIDIA Corporation\PhysX\Common;C:\Program Files\Git\cmd;C:\Program Files\dotnet\;C:\Users\MSI\AppData\Local\Programs\Python\Python311\Scripts\;C:\Users\MSI\AppData\Local\Programs\Python\Python311\;C:\Ruby32-x64\bin;C:\Program Files\PuTTY\;C:\Users\MSI\AppData\Local\Programs\Python\Python312;C:\Program Files\swipl\bin;C:\Users\MSI\AppData\Local\Programs\Python\Python312\Scripts\;C:\Users\MSI\AppData\Local\Programs\Python\Python312\;C:\Users\MSI\AppData\Local\Microsoft\WindowsApps;C:\Users\MSI\AppData\Roaming\cabal\bin;C:\tools\ghc-9.6.2\bin;C:\tools\msys64;C:\Users\MSI\AppData\Local\GitHubDesktop\bin;C:\Python312\python.exe;C:\Users\MSI\AppData\Local\spicetify;C:\Users\MSI\AppData\Roaming\npm\node_modules\yarn\bin;C:\Users\MSI\AppData\Roaming\npm;C:\Users\MSI\AppData\Roaming\Composer\vendor\bin;C:\xampp;;%USERPROFILE%\AppData\Local\Microsoft\WindowsApps
USERNAME=pecintaikan
OS=Windows_NT
PROCESSOR_IDENTIFIER=Intel64 Family 6 Model 165 Stepping 2, GenuineIntel
TMP=C:\Users\MSI\AppData\Local\Temp
TEMP=C:\Users\MSI\AppData\Local\Temp




Periodic native trim disabled

---------------  S Y S T E M  ---------------

OS:
 Windows 11 , 64 bit Build 26100 (10.0.26100.3037)
OS uptime: 0 days 21:01 hours
Hyper-V role detected

CPU: total 12 (initial active 12) (6 cores per cpu, 2 threads per core) family 6 model 165 stepping 2 microcode 0xe2, cx8, cmov, fxsr, ht, mmx, 3dnowpref, sse, sse2, sse3, ssse3, sse4.1, sse4.2, popcnt, lzcnt, tsc, tscinvbit, avx, avx2, aes, erms, clmul, bmi1, bmi2, adx, fma, vzeroupper, clflush, clflushopt, hv, rdtscp, f16c
Processor Information for the first 12 processors :
  Max Mhz: 2496, Current Mhz: 2496, Mhz Limit: 2496

Memory: 4k page, system-wide physical 16202M (2730M free)
TotalPageFile size 22013M (AvailPageFile size 1M)
current process WorkingSet (physical memory assigned to process): 197M, peak: 215M
current process commit charge ("private bytes"): 288M, peak: 308M

vm_info: OpenJDK 64-Bit Server VM (21.0.6+7-LTS) for windows-amd64 JRE (21.0.6+7-LTS), built on 2025-01-21T00:00:00Z by "admin" with MS VC++ 17.7 (VS2022)

END.
