#
# There is insufficient memory for the Java Runtime Environment to continue.
# Native memory allocation (malloc) failed to allocate 32744 bytes. Error detail: Chunk::new
# Possible reasons:
#   The system is out of physical RAM or swap space
#   This process is running with CompressedOops enabled, and the Java Heap may be blocking the growth of the native heap
# Possible solutions:
#   Reduce memory load on the system
#   Increase physical memory or swap space
#   Check if swap backing store is full
#   Decrease Java heap size (-Xmx/-Xms)
#   Decrease number of Java threads
#   Decrease Java thread stack sizes (-Xss)
#   Set larger code cache with -XX:ReservedCodeCacheSize=
#   JVM is running with Unscaled Compressed Oops mode in which the Java heap is
#     placed in the first 4GB address space. The Java Heap base address is the
#     maximum limit for the native heap growth. Please use -XX:HeapBaseMinAddress
#     to set the Java Heap base and to place the Java Heap above 4GB virtual address.
# This output file may be truncated or incomplete.
#
#  Out of Memory Error (arena.cpp:168), pid=13572, tid=25128
#
# JRE version: OpenJDK Runtime Environment Temurin-21.0.6+7 (21.0.6+7) (build 21.0.6+7-LTS)
# Java VM: OpenJDK 64-Bit Server VM Temurin-21.0.6+7 (21.0.6+7-LTS, mixed mode, sharing, tiered, compressed oops, compressed class ptrs, parallel gc, windows-amd64)
# No core dump will be written. Minidumps are not enabled by default on client versions of Windows
#

---------------  S U M M A R Y ------------

Command Line: --add-modules=ALL-SYSTEM --add-opens=java.base/java.util=ALL-UNNAMED --add-opens=java.base/java.lang=ALL-UNNAMED --add-opens=java.base/sun.nio.fs=ALL-UNNAMED -Declipse.application=org.eclipse.jdt.ls.core.id1 -Dosgi.bundles.defaultStartLevel=4 -Declipse.product=org.eclipse.jdt.ls.core.product -Djava.import.generatesMetadataFilesAtProjectRoot=false -DDetectVMInstallationsJob.disabled=true -Dfile.encoding=utf8 -XX:+UseParallelGC -XX:GCTimeRatio=4 -XX:AdaptiveSizePolicyWeight=90 -Dsun.zip.disableMemoryMapping=true -Xmx1G -Xms100m -Xlog:disable -javaagent:c:\Users\MSI\.vscode\extensions\redhat.java-1.40.0-win32-x64\lombok\lombok-1.18.36.jar c:\Users\MSI\.vscode\extensions\redhat.java-1.40.0-win32-x64\server\plugins\org.eclipse.equinox.launcher_1.6.1000.v20250131-0606.jar -configuration c:\Users\MSI\AppData\Roaming\Code\User\globalStorage\redhat.java\1.40.0\config_ss_win -data c:\Users\MSI\AppData\Roaming\Code\User\workspaceStorage\712a9e2655f8ffa8a765fca8cf9fdac7\redhat.java\ss_ws --pipe=\\.\pipe\lsp-6757d0b291420c0e423bbc22f2f3dbf3-sock

Host: Intel(R) Core(TM) i5-10500H CPU @ 2.50GHz, 12 cores, 15G,  Windows 11 , 64 bit Build 26100 (10.0.26100.3037)
Time: Sat Mar  1 14:37:38 2025 SE Asia Standard Time elapsed time: 16.548491 seconds (0d 0h 0m 16s)

---------------  T H R E A D  ---------------

Current thread (0x000001ac06777090):  JavaThread "C1 CompilerThread0" daemon [_thread_in_native, id=25128, stack(0x00000060c8000000,0x00000060c8100000) (1024K)]


Current CompileTask:
C1:16548 3657   !   3       java.lang.invoke.AbstractValidatingLambdaMetafactory::<init> (559 bytes)

Stack: [0x00000060c8000000,0x00000060c8100000]
Native frames: (J=compiled Java code, j=interpreted, Vv=VM code, C=native code)
V  [jvm.dll+0x6cdee9]
V  [jvm.dll+0x8a83d1]
V  [jvm.dll+0x8aa8fe]
V  [jvm.dll+0x8aafe3]
V  [jvm.dll+0x27f706]
V  [jvm.dll+0xc500d]
V  [jvm.dll+0xc5543]
V  [jvm.dll+0x2814c2]
V  [jvm.dll+0x169079]
V  [jvm.dll+0x16f2b7]
V  [jvm.dll+0x1519dc]
V  [jvm.dll+0x170462]
V  [jvm.dll+0x1535f8]
V  [jvm.dll+0x153096]
V  [jvm.dll+0x153274]
V  [jvm.dll+0x1526a6]
V  [jvm.dll+0x15447d]
V  [jvm.dll+0x25685a]
V  [jvm.dll+0x254dfa]
V  [jvm.dll+0x3f0256]
V  [jvm.dll+0x851f8b]
V  [jvm.dll+0x6cc5ed]
C  [ucrtbase.dll+0x37b0]
C  [KERNEL32.DLL+0x2e8d7]
C  [ntdll.dll+0xbbf2c]


---------------  P R O C E S S  ---------------

Threads class SMR info:
_java_thread_list=0x000001ac0da7ab10, length=38, elements={
0x000001abacefdd60, 0x000001ac067644b0, 0x000001ac067683e0, 0x000001ac0676af30,
0x000001ac0676bb80, 0x000001ac06771cc0, 0x000001ac06772320, 0x000001ac06774cc0,
0x000001ac06777090, 0x000001ac068683f0, 0x000001ac06aa1d00, 0x000001ac0b2e1050,
0x000001ac0b925960, 0x000001ac0b9ca290, 0x000001ac0b8f21e0, 0x000001ac0bc4dbd0,
0x000001ac0be8de20, 0x000001ac0bb1ed00, 0x000001ac0bd23df0, 0x000001ac0bd251a0,
0x000001ac0bd24b10, 0x000001ac0bd23760, 0x000001ac0bd24480, 0x000001ac0bd223b0,
0x000001ac0bd230d0, 0x000001ac0bd22a40, 0x000001ac0bd21d20, 0x000001ac0d5bec70,
0x000001ac0d5bf300, 0x000001ac0d5c0020, 0x000001ac0d5bf990, 0x000001ac0d5c06b0,
0x000001ac0d5c0d40, 0x000001ac0d5c13d0, 0x000001ac0d5c1a60, 0x000001ac0d5be5e0,
0x000001ac0d5c20f0, 0x000001ac0d5c4ee0
}

Java Threads: ( => current thread )
  0x000001abacefdd60 JavaThread "main"                              [_thread_blocked, id=23948, stack(0x00000060c7500000,0x00000060c7600000) (1024K)]
  0x000001ac067644b0 JavaThread "Reference Handler"          daemon [_thread_blocked, id=19184, stack(0x00000060c7900000,0x00000060c7a00000) (1024K)]
  0x000001ac067683e0 JavaThread "Finalizer"                  daemon [_thread_blocked, id=23904, stack(0x00000060c7a00000,0x00000060c7b00000) (1024K)]
  0x000001ac0676af30 JavaThread "Signal Dispatcher"          daemon [_thread_blocked, id=19236, stack(0x00000060c7b00000,0x00000060c7c00000) (1024K)]
  0x000001ac0676bb80 JavaThread "Attach Listener"            daemon [_thread_blocked, id=19420, stack(0x00000060c7c00000,0x00000060c7d00000) (1024K)]
  0x000001ac06771cc0 JavaThread "Service Thread"             daemon [_thread_blocked, id=4044, stack(0x00000060c7d00000,0x00000060c7e00000) (1024K)]
  0x000001ac06772320 JavaThread "Monitor Deflation Thread"   daemon [_thread_blocked, id=17740, stack(0x00000060c7e00000,0x00000060c7f00000) (1024K)]
  0x000001ac06774cc0 JavaThread "C2 CompilerThread0"         daemon [_thread_blocked, id=7868, stack(0x00000060c7f00000,0x00000060c8000000) (1024K)]
=>0x000001ac06777090 JavaThread "C1 CompilerThread0"         daemon [_thread_in_native, id=25128, stack(0x00000060c8000000,0x00000060c8100000) (1024K)]
  0x000001ac068683f0 JavaThread "Common-Cleaner"             daemon [_thread_blocked, id=11040, stack(0x00000060c8100000,0x00000060c8200000) (1024K)]
  0x000001ac06aa1d00 JavaThread "Notification Thread"        daemon [_thread_blocked, id=8752, stack(0x00000060c8300000,0x00000060c8400000) (1024K)]
  0x000001ac0b2e1050 JavaThread "Active Thread: Equinox Container: 3d502e45-cbde-4702-a60d-bdd3681f7d76"        [_thread_blocked, id=2740, stack(0x00000060c8b00000,0x00000060c8c00000) (1024K)]
  0x000001ac0b925960 JavaThread "Framework Event Dispatcher: Equinox Container: 3d502e45-cbde-4702-a60d-bdd3681f7d76" daemon [_thread_blocked, id=10720, stack(0x00000060c8400000,0x00000060c8500000) (1024K)]
  0x000001ac0b9ca290 JavaThread "Start Level: Equinox Container: 3d502e45-cbde-4702-a60d-bdd3681f7d76" daemon [_thread_blocked, id=20200, stack(0x00000060c8c00000,0x00000060c8d00000) (1024K)]
  0x000001ac0b8f21e0 JavaThread "SCR Component Actor"        daemon [_thread_blocked, id=20976, stack(0x00000060c8d00000,0x00000060c8e00000) (1024K)]
  0x000001ac0bc4dbd0 JavaThread "Worker-JM"                         [_thread_blocked, id=6824, stack(0x00000060c9100000,0x00000060c9200000) (1024K)]
  0x000001ac0be8de20 JavaThread "JNA Cleaner"                daemon [_thread_blocked, id=18136, stack(0x00000060c9200000,0x00000060c9300000) (1024K)]
  0x000001ac0bb1ed00 JavaThread "Worker-0"                          [_thread_blocked, id=26000, stack(0x00000060c9300000,0x00000060c9400000) (1024K)]
  0x000001ac0bd23df0 JavaThread "Worker-1"                          [_thread_blocked, id=16276, stack(0x00000060c9400000,0x00000060c9500000) (1024K)]
  0x000001ac0bd251a0 JavaThread "Thread-2"                   daemon [_thread_in_native, id=3720, stack(0x00000060c9900000,0x00000060c9a00000) (1024K)]
  0x000001ac0bd24b10 JavaThread "Thread-3"                   daemon [_thread_in_native, id=5280, stack(0x00000060c9a00000,0x00000060c9b00000) (1024K)]
  0x000001ac0bd23760 JavaThread "Thread-4"                   daemon [_thread_in_native, id=24488, stack(0x00000060c9b00000,0x00000060c9c00000) (1024K)]
  0x000001ac0bd24480 JavaThread "Thread-5"                   daemon [_thread_in_native, id=13332, stack(0x00000060c9c00000,0x00000060c9d00000) (1024K)]
  0x000001ac0bd223b0 JavaThread "Thread-6"                   daemon [_thread_in_native, id=12744, stack(0x00000060c9d00000,0x00000060c9e00000) (1024K)]
  0x000001ac0bd230d0 JavaThread "Thread-7"                   daemon [_thread_in_native, id=15128, stack(0x00000060c9e00000,0x00000060c9f00000) (1024K)]
  0x000001ac0bd22a40 JavaThread "Thread-8"                   daemon [_thread_in_native, id=25944, stack(0x00000060c9f00000,0x00000060ca000000) (1024K)]
  0x000001ac0bd21d20 JavaThread "Thread-9"                   daemon [_thread_in_native, id=20668, stack(0x00000060ca000000,0x00000060ca100000) (1024K)]
  0x000001ac0d5bec70 JavaThread "Thread-10"                  daemon [_thread_in_native, id=23956, stack(0x00000060ca100000,0x00000060ca200000) (1024K)]
  0x000001ac0d5bf300 JavaThread "Thread-11"                  daemon [_thread_in_native, id=25980, stack(0x00000060ca200000,0x00000060ca300000) (1024K)]
  0x000001ac0d5c0020 JavaThread "Thread-12"                  daemon [_thread_in_native, id=14368, stack(0x00000060ca300000,0x00000060ca400000) (1024K)]
  0x000001ac0d5bf990 JavaThread "Thread-13"                  daemon [_thread_in_native, id=10016, stack(0x00000060ca400000,0x00000060ca500000) (1024K)]
  0x000001ac0d5c06b0 JavaThread "Thread-14"                  daemon [_thread_in_native, id=23932, stack(0x00000060ca500000,0x00000060ca600000) (1024K)]
  0x000001ac0d5c0d40 JavaThread "pool-2-thread-1"                   [_thread_blocked, id=25424, stack(0x00000060c9500000,0x00000060c9600000) (1024K)]
  0x000001ac0d5c13d0 JavaThread "Worker-2: Shutdown..."             [_thread_in_native, id=23496, stack(0x00000060c9700000,0x00000060c9800000) (1024K)]
  0x000001ac0d5c1a60 JavaThread "WorkspaceEventsHandler"            [_thread_blocked, id=26600, stack(0x00000060ca700000,0x00000060ca800000) (1024K)]
  0x000001ac0d5be5e0 JavaThread "pool-1-thread-1"                   [_thread_blocked, id=16620, stack(0x00000060ca800000,0x00000060ca900000) (1024K)]
  0x000001ac0d5c20f0 JavaThread "Worker-3"                          [_thread_blocked, id=11004, stack(0x00000060ca600000,0x00000060ca700000) (1024K)]
  0x000001ac0d5c4ee0 JavaThread "ForkJoinPool.commonPool-worker-1" daemon [_thread_in_native, id=18280, stack(0x00000060c8f00000,0x00000060c9000000) (1024K)]
Total: 38

Other Threads:
  0x000001abaf39e5a0 VMThread "VM Thread"                           [id=11528, stack(0x00000060c7800000,0x00000060c7900000) (1024K)]
  0x000001abc35aca00 WatcherThread "VM Periodic Task Thread"        [id=25844, stack(0x00000060c7700000,0x00000060c7800000) (1024K)]
  0x000001abaf2ff550 WorkerThread "GC Thread#0"                     [id=21192, stack(0x00000060c7600000,0x00000060c7700000) (1024K)]
  0x000001ac0b229f60 WorkerThread "GC Thread#1"                     [id=23724, stack(0x00000060c8500000,0x00000060c8600000) (1024K)]
  0x000001ac0b097a50 WorkerThread "GC Thread#2"                     [id=23424, stack(0x00000060c8600000,0x00000060c8700000) (1024K)]
  0x000001ac06afece0 WorkerThread "GC Thread#3"                     [id=3520, stack(0x00000060c8700000,0x00000060c8800000) (1024K)]
  0x000001ac06aff080 WorkerThread "GC Thread#4"                     [id=18528, stack(0x00000060c8800000,0x00000060c8900000) (1024K)]
  0x000001ac0b7da940 WorkerThread "GC Thread#5"                     [id=22812, stack(0x00000060c8900000,0x00000060c8a00000) (1024K)]
  0x000001ac0b7dace0 WorkerThread "GC Thread#6"                     [id=9972, stack(0x00000060c8a00000,0x00000060c8b00000) (1024K)]
  0x000001ac0b8f3780 WorkerThread "GC Thread#7"                     [id=26084, stack(0x00000060c8e00000,0x00000060c8f00000) (1024K)]
  0x000001ac0bd90580 WorkerThread "GC Thread#8"                     [id=25060, stack(0x00000060c8200000,0x00000060c8300000) (1024K)]
  0x000001ac0bde19b0 WorkerThread "GC Thread#9"                     [id=20748, stack(0x00000060c9000000,0x00000060c9100000) (1024K)]
Total: 12

Threads with active compile tasks:
C1 CompilerThread0  16591 3657   !   3       java.lang.invoke.AbstractValidatingLambdaMetafactory::<init> (559 bytes)
Total: 1

VM state: at safepoint (normal execution)

VM Mutex/Monitor currently owned by a thread:  ([mutex/lock_event])
[0x00007ffeecd3e380] Threads_lock - owner thread: 0x000001abaf39e5a0
[0x00007ffeecd3e480] Heap_lock - owner thread: 0x000001ac0bb1ed00

Heap address: 0x00000000c0000000, size: 1024 MB, Compressed Oops mode: 32-bit

CDS archive(s) mapped at: [0x000001abc4000000-0x000001abc4ba0000-0x000001abc4ba0000), size 12189696, SharedBaseAddress: 0x000001abc4000000, ArchiveRelocationMode: 1.
Compressed class space mapped at: 0x000001abc5000000-0x000001ac05000000, reserved size: 1073741824
Narrow klass base: 0x000001abc4000000, Narrow klass shift: 0, Narrow klass range: 0x100000000

GC Precious Log:
 CardTable entry size: 512
 CPUs: 12 total, 12 available
 Memory: 16202M
 Large Page Support: Disabled
 NUMA Support: Disabled
 Compressed Oops: Enabled (32-bit)
 Alignments: Space 512K, Generation 512K, Heap 2M
 Heap Min Capacity: 100M
 Heap Initial Capacity: 100M
 Heap Max Capacity: 1G
 Pre-touch: Disabled
 Parallel Workers: 10

Heap:
 PSYoungGen      total 27648K, used 27626K [0x00000000eab00000, 0x00000000ecc80000, 0x0000000100000000)
  eden space 23552K, 99% used [0x00000000eab00000,0x00000000ec1fdcb0,0x00000000ec200000)
  from space 4096K, 99% used [0x00000000ec700000,0x00000000ecafcbb8,0x00000000ecb00000)
  to   space 5120K, 77% used [0x00000000ec200000,0x00000000ec5e5ab0,0x00000000ec700000)
 ParOldGen       total 68608K, used 8766K [0x00000000c0000000, 0x00000000c4300000, 0x00000000eab00000)
  object space 68608K, 12% used [0x00000000c0000000,0x00000000c088f878,0x00000000c4300000)
 Metaspace       used 30039K, committed 30848K, reserved 1114112K
  class space    used 2944K, committed 3328K, reserved 1048576K

Card table byte_map: [0x000001abaec90000,0x000001abaeea0000] _byte_map_base: 0x000001abae690000

Marking Bits: (ParMarkBitMap*) 0x00007ffeecd43260
 Begin Bits: [0x000001abc14d0000, 0x000001abc24d0000)
 End Bits:   [0x000001abc24d0000, 0x000001abc34d0000)

Polling page: 0x000001abaea70000

Metaspace:

Usage:
  Non-class:     26.46 MB used.
      Class:      2.88 MB used.
       Both:     29.34 MB used.

Virtual space:
  Non-class space:       64.00 MB reserved,      26.88 MB ( 42%) committed,  1 nodes.
      Class space:        1.00 GB reserved,       3.25 MB ( <1%) committed,  1 nodes.
             Both:        1.06 GB reserved,      30.12 MB (  3%) committed. 

Chunk freelists:
   Non-Class:  4.85 MB
       Class:  12.78 MB
        Both:  17.63 MB

MaxMetaspaceSize: unlimited
CompressedClassSpaceSize: 1.00 GB
Initial GC threshold: 21.00 MB
Current GC threshold: 35.00 MB
CDS: on
 - commit_granule_bytes: 65536.
 - commit_granule_words: 8192.
 - virtual_space_node_default_size: 8388608.
 - enlarge_chunks_in_place: 1.
 - use_allocation_guard: 0.


Internal statistics:

num_allocs_failed_limit: 3.
num_arena_births: 568.
num_arena_deaths: 14.
num_vsnodes_births: 2.
num_vsnodes_deaths: 0.
num_space_committed: 482.
num_space_uncommitted: 0.
num_chunks_returned_to_freelist: 17.
num_chunks_taken_from_freelist: 1762.
num_chunk_merges: 9.
num_chunk_splits: 1140.
num_chunks_enlarged: 709.
num_inconsistent_stats: 0.

CodeHeap 'non-profiled nmethods': size=120000Kb used=1754Kb max_used=1754Kb free=118245Kb
 bounds [0x000001abb9fa0000, 0x000001abba210000, 0x000001abc14d0000]
CodeHeap 'profiled nmethods': size=120000Kb used=7186Kb max_used=7186Kb free=112813Kb
 bounds [0x000001abb24d0000, 0x000001abb2be0000, 0x000001abb9a00000]
CodeHeap 'non-nmethods': size=5760Kb used=1349Kb max_used=1394Kb free=4410Kb
 bounds [0x000001abb9a00000, 0x000001abb9c70000, 0x000001abb9fa0000]
 total_blobs=4296 nmethods=3654 adapters=548
 compilation: enabled
              stopped_count=0, restarted_count=0
 full_count=0

Compilation events (20 events):
Event: 15.675 Thread 0x000001ac06777090 3648       3       com.google.gson.internal.LinkedTreeMap$LinkedTreeMapIterator::nextNode (61 bytes)
Event: 15.676 Thread 0x000001ac06777090 nmethod 3648 0x000001abb2bd0390 code [0x000001abb2bd0560, 0x000001abb2bd08d0]
Event: 15.678 Thread 0x000001ac06774cc0 nmethod 3639 0x000001abba155210 code [0x000001abba155420, 0x000001abba155aa0]
Event: 15.678 Thread 0x000001ac06774cc0 3644       4       java.util.ArrayDeque::elementAt (4 bytes)
Event: 15.679 Thread 0x000001ac06774cc0 nmethod 3644 0x000001abba155f90 code [0x000001abba156120, 0x000001abba1561d0]
Event: 16.020 Thread 0x000001ac06777090 3649       3       java.util.concurrent.locks.ReentrantReadWriteLock::readLock (5 bytes)
Event: 16.020 Thread 0x000001ac06777090 nmethod 3649 0x000001abb2bd0a90 code [0x000001abb2bd0c20, 0x000001abb2bd0d58]
Event: 16.284 Thread 0x000001ac06777090 3650       1       sun.nio.ch.Iocp$CompletionStatus::completionKey (5 bytes)
Event: 16.285 Thread 0x000001ac06777090 nmethod 3650 0x000001abba156290 code [0x000001abba156420, 0x000001abba1564e8]
Event: 16.330 Thread 0x000001ac06777090 3651       3       java.nio.Buffer::flip (20 bytes)
Event: 16.331 Thread 0x000001ac06777090 nmethod 3651 0x000001abb2bd0e10 code [0x000001abb2bd0fa0, 0x000001abb2bd10c0]
Event: 16.335 Thread 0x000001ac06777090 3652       3       java.nio.ByteBuffer::flip (7 bytes)
Event: 16.336 Thread 0x000001ac06777090 nmethod 3652 0x000001abb2bd1190 code [0x000001abb2bd1340, 0x000001abb2bd14c0]
Event: 16.535 Thread 0x000001ac06777090 3653       3       java.util.Calendar::complete (40 bytes)
Event: 16.535 Thread 0x000001ac06777090 nmethod 3653 0x000001abb2bd1590 code [0x000001abb2bd1760, 0x000001abb2bd1a18]
Event: 16.537 Thread 0x000001ac06777090 3655       3       java.lang.invoke.BootstrapMethodInvoker::isLambdaMetafactoryIndyBSM (13 bytes)
Event: 16.537 Thread 0x000001ac06777090 nmethod 3655 0x000001abb2bd1b10 code [0x000001abb2bd1ca0, 0x000001abb2bd1de8]
Event: 16.537 Thread 0x000001ac06777090 3656       3       java.lang.invoke.InnerClassLambdaMetafactory::<init> (258 bytes)
Event: 16.540 Thread 0x000001ac06777090 nmethod 3656 0x000001abb2bd1e90 code [0x000001abb2bd2280, 0x000001abb2bd3d58]
Event: 16.540 Thread 0x000001ac06777090 3657   !   3       java.lang.invoke.AbstractValidatingLambdaMetafactory::<init> (559 bytes)

GC Heap History (18 events):
Event: 1.386 GC heap before
{Heap before GC invocations=1 (full 0):
 PSYoungGen      total 29696K, used 25600K [0x00000000eab00000, 0x00000000ecc00000, 0x0000000100000000)
  eden space 25600K, 100% used [0x00000000eab00000,0x00000000ec400000,0x00000000ec400000)
  from space 4096K, 0% used [0x00000000ec800000,0x00000000ec800000,0x00000000ecc00000)
  to   space 4096K, 0% used [0x00000000ec400000,0x00000000ec400000,0x00000000ec800000)
 ParOldGen       total 68608K, used 0K [0x00000000c0000000, 0x00000000c4300000, 0x00000000eab00000)
  object space 68608K, 0% used [0x00000000c0000000,0x00000000c0000000,0x00000000c4300000)
 Metaspace       used 4346K, committed 4544K, reserved 1114112K
  class space    used 437K, committed 512K, reserved 1048576K
}
Event: 1.394 GC heap after
{Heap after GC invocations=1 (full 0):
 PSYoungGen      total 29696K, used 3173K [0x00000000eab00000, 0x00000000ecc00000, 0x0000000100000000)
  eden space 25600K, 0% used [0x00000000eab00000,0x00000000eab00000,0x00000000ec400000)
  from space 4096K, 77% used [0x00000000ec400000,0x00000000ec7197f0,0x00000000ec800000)
  to   space 4096K, 0% used [0x00000000ec800000,0x00000000ec800000,0x00000000ecc00000)
 ParOldGen       total 68608K, used 16K [0x00000000c0000000, 0x00000000c4300000, 0x00000000eab00000)
  object space 68608K, 0% used [0x00000000c0000000,0x00000000c0004000,0x00000000c4300000)
 Metaspace       used 4346K, committed 4544K, reserved 1114112K
  class space    used 437K, committed 512K, reserved 1048576K
}
Event: 2.499 GC heap before
{Heap before GC invocations=2 (full 0):
 PSYoungGen      total 29696K, used 28773K [0x00000000eab00000, 0x00000000ecc00000, 0x0000000100000000)
  eden space 25600K, 100% used [0x00000000eab00000,0x00000000ec400000,0x00000000ec400000)
  from space 4096K, 77% used [0x00000000ec400000,0x00000000ec7197f0,0x00000000ec800000)
  to   space 4096K, 0% used [0x00000000ec800000,0x00000000ec800000,0x00000000ecc00000)
 ParOldGen       total 68608K, used 16K [0x00000000c0000000, 0x00000000c4300000, 0x00000000eab00000)
  object space 68608K, 0% used [0x00000000c0000000,0x00000000c0004000,0x00000000c4300000)
 Metaspace       used 8286K, committed 8576K, reserved 1114112K
  class space    used 822K, committed 960K, reserved 1048576K
}
Event: 2.506 GC heap after
{Heap after GC invocations=2 (full 0):
 PSYoungGen      total 29696K, used 4090K [0x00000000eab00000, 0x00000000ecc00000, 0x0000000100000000)
  eden space 25600K, 0% used [0x00000000eab00000,0x00000000eab00000,0x00000000ec400000)
  from space 4096K, 99% used [0x00000000ec800000,0x00000000ecbfe938,0x00000000ecc00000)
  to   space 4096K, 0% used [0x00000000ec400000,0x00000000ec400000,0x00000000ec800000)
 ParOldGen       total 68608K, used 863K [0x00000000c0000000, 0x00000000c4300000, 0x00000000eab00000)
  object space 68608K, 1% used [0x00000000c0000000,0x00000000c00d7eb8,0x00000000c4300000)
 Metaspace       used 8286K, committed 8576K, reserved 1114112K
  class space    used 822K, committed 960K, reserved 1048576K
}
Event: 3.632 GC heap before
{Heap before GC invocations=3 (full 0):
 PSYoungGen      total 29696K, used 29690K [0x00000000eab00000, 0x00000000ecc00000, 0x0000000100000000)
  eden space 25600K, 100% used [0x00000000eab00000,0x00000000ec400000,0x00000000ec400000)
  from space 4096K, 99% used [0x00000000ec800000,0x00000000ecbfe938,0x00000000ecc00000)
  to   space 4096K, 0% used [0x00000000ec400000,0x00000000ec400000,0x00000000ec800000)
 ParOldGen       total 68608K, used 863K [0x00000000c0000000, 0x00000000c4300000, 0x00000000eab00000)
  object space 68608K, 1% used [0x00000000c0000000,0x00000000c00d7eb8,0x00000000c4300000)
 Metaspace       used 13005K, committed 13504K, reserved 1114112K
  class space    used 1309K, committed 1536K, reserved 1048576K
}
Event: 3.637 GC heap after
{Heap after GC invocations=3 (full 0):
 PSYoungGen      total 29696K, used 4077K [0x00000000eab00000, 0x00000000ecc00000, 0x0000000100000000)
  eden space 25600K, 0% used [0x00000000eab00000,0x00000000eab00000,0x00000000ec400000)
  from space 4096K, 99% used [0x00000000ec400000,0x00000000ec7fb618,0x00000000ec800000)
  to   space 4096K, 0% used [0x00000000ec800000,0x00000000ec800000,0x00000000ecc00000)
 ParOldGen       total 68608K, used 2771K [0x00000000c0000000, 0x00000000c4300000, 0x00000000eab00000)
  object space 68608K, 4% used [0x00000000c0000000,0x00000000c02b4c00,0x00000000c4300000)
 Metaspace       used 13005K, committed 13504K, reserved 1114112K
  class space    used 1309K, committed 1536K, reserved 1048576K
}
Event: 4.884 GC heap before
{Heap before GC invocations=4 (full 0):
 PSYoungGen      total 29696K, used 29677K [0x00000000eab00000, 0x00000000ecc00000, 0x0000000100000000)
  eden space 25600K, 100% used [0x00000000eab00000,0x00000000ec400000,0x00000000ec400000)
  from space 4096K, 99% used [0x00000000ec400000,0x00000000ec7fb618,0x00000000ec800000)
  to   space 4096K, 0% used [0x00000000ec800000,0x00000000ec800000,0x00000000ecc00000)
 ParOldGen       total 68608K, used 2771K [0x00000000c0000000, 0x00000000c4300000, 0x00000000eab00000)
  object space 68608K, 4% used [0x00000000c0000000,0x00000000c02b4c00,0x00000000c4300000)
 Metaspace       used 16932K, committed 17664K, reserved 1114112K
  class space    used 1695K, committed 1984K, reserved 1048576K
}
Event: 4.889 GC heap after
{Heap after GC invocations=4 (full 0):
 PSYoungGen      total 29696K, used 4088K [0x00000000eab00000, 0x00000000ecc00000, 0x0000000100000000)
  eden space 25600K, 0% used [0x00000000eab00000,0x00000000eab00000,0x00000000ec400000)
  from space 4096K, 99% used [0x00000000ec800000,0x00000000ecbfe210,0x00000000ecc00000)
  to   space 4096K, 0% used [0x00000000ec400000,0x00000000ec400000,0x00000000ec800000)
 ParOldGen       total 68608K, used 5562K [0x00000000c0000000, 0x00000000c4300000, 0x00000000eab00000)
  object space 68608K, 8% used [0x00000000c0000000,0x00000000c056e9a0,0x00000000c4300000)
 Metaspace       used 16932K, committed 17664K, reserved 1114112K
  class space    used 1695K, committed 1984K, reserved 1048576K
}
Event: 5.478 GC heap before
{Heap before GC invocations=5 (full 0):
 PSYoungGen      total 29696K, used 29639K [0x00000000eab00000, 0x00000000ecc00000, 0x0000000100000000)
  eden space 25600K, 99% used [0x00000000eab00000,0x00000000ec3f3ca8,0x00000000ec400000)
  from space 4096K, 99% used [0x00000000ec800000,0x00000000ecbfe210,0x00000000ecc00000)
  to   space 4096K, 0% used [0x00000000ec400000,0x00000000ec400000,0x00000000ec800000)
 ParOldGen       total 68608K, used 5562K [0x00000000c0000000, 0x00000000c4300000, 0x00000000eab00000)
  object space 68608K, 8% used [0x00000000c0000000,0x00000000c056e9a0,0x00000000c4300000)
 Metaspace       used 20218K, committed 20864K, reserved 1114112K
  class space    used 1933K, committed 2176K, reserved 1048576K
}
Event: 5.482 GC heap after
{Heap after GC invocations=5 (full 0):
 PSYoungGen      total 29184K, used 4095K [0x00000000eab00000, 0x00000000ed180000, 0x0000000100000000)
  eden space 25088K, 0% used [0x00000000eab00000,0x00000000eab00000,0x00000000ec380000)
  from space 4096K, 99% used [0x00000000ec400000,0x00000000ec7ffea8,0x00000000ec800000)
  to   space 7168K, 0% used [0x00000000eca80000,0x00000000eca80000,0x00000000ed180000)
 ParOldGen       total 68608K, used 8134K [0x00000000c0000000, 0x00000000c4300000, 0x00000000eab00000)
  object space 68608K, 11% used [0x00000000c0000000,0x00000000c07f1968,0x00000000c4300000)
 Metaspace       used 20218K, committed 20864K, reserved 1114112K
  class space    used 1933K, committed 2176K, reserved 1048576K
}
Event: 5.553 GC heap before
{Heap before GC invocations=6 (full 0):
 PSYoungGen      total 29184K, used 7887K [0x00000000eab00000, 0x00000000ed180000, 0x0000000100000000)
  eden space 25088K, 15% used [0x00000000eab00000,0x00000000eaeb3da8,0x00000000ec380000)
  from space 4096K, 99% used [0x00000000ec400000,0x00000000ec7ffea8,0x00000000ec800000)
  to   space 7168K, 0% used [0x00000000eca80000,0x00000000eca80000,0x00000000ed180000)
 ParOldGen       total 68608K, used 8134K [0x00000000c0000000, 0x00000000c4300000, 0x00000000eab00000)
  object space 68608K, 11% used [0x00000000c0000000,0x00000000c07f1968,0x00000000c4300000)
 Metaspace       used 20855K, committed 21504K, reserved 1114112K
  class space    used 1978K, committed 2240K, reserved 1048576K
}
Event: 5.559 GC heap after
{Heap after GC invocations=6 (full 0):
 PSYoungGen      total 29696K, used 4233K [0x00000000eab00000, 0x00000000ecf00000, 0x0000000100000000)
  eden space 25088K, 0% used [0x00000000eab00000,0x00000000eab00000,0x00000000ec380000)
  from space 4608K, 91% used [0x00000000eca80000,0x00000000ecea24a8,0x00000000ecf00000)
  to   space 5632K, 0% used [0x00000000ec400000,0x00000000ec400000,0x00000000ec980000)
 ParOldGen       total 68608K, used 8134K [0x00000000c0000000, 0x00000000c4300000, 0x00000000eab00000)
  object space 68608K, 11% used [0x00000000c0000000,0x00000000c07f1968,0x00000000c4300000)
 Metaspace       used 20855K, committed 21504K, reserved 1114112K
  class space    used 1978K, committed 2240K, reserved 1048576K
}
Event: 5.559 GC heap before
{Heap before GC invocations=7 (full 1):
 PSYoungGen      total 29696K, used 4233K [0x00000000eab00000, 0x00000000ecf00000, 0x0000000100000000)
  eden space 25088K, 0% used [0x00000000eab00000,0x00000000eab00000,0x00000000ec380000)
  from space 4608K, 91% used [0x00000000eca80000,0x00000000ecea24a8,0x00000000ecf00000)
  to   space 5632K, 0% used [0x00000000ec400000,0x00000000ec400000,0x00000000ec980000)
 ParOldGen       total 68608K, used 8134K [0x00000000c0000000, 0x00000000c4300000, 0x00000000eab00000)
  object space 68608K, 11% used [0x00000000c0000000,0x00000000c07f1968,0x00000000c4300000)
 Metaspace       used 20855K, committed 21504K, reserved 1114112K
  class space    used 1978K, committed 2240K, reserved 1048576K
}
Event: 5.590 GC heap after
{Heap after GC invocations=7 (full 1):
 PSYoungGen      total 29696K, used 0K [0x00000000eab00000, 0x00000000ecf00000, 0x0000000100000000)
  eden space 25088K, 0% used [0x00000000eab00000,0x00000000eab00000,0x00000000ec380000)
  from space 4608K, 0% used [0x00000000eca80000,0x00000000eca80000,0x00000000ecf00000)
  to   space 5632K, 0% used [0x00000000ec400000,0x00000000ec400000,0x00000000ec980000)
 ParOldGen       total 68608K, used 8406K [0x00000000c0000000, 0x00000000c4300000, 0x00000000eab00000)
  object space 68608K, 12% used [0x00000000c0000000,0x00000000c0835868,0x00000000c4300000)
 Metaspace       used 20842K, committed 21504K, reserved 1114112K
  class space    used 1975K, committed 2240K, reserved 1048576K
}
Event: 6.436 GC heap before
{Heap before GC invocations=8 (full 1):
 PSYoungGen      total 29696K, used 25088K [0x00000000eab00000, 0x00000000ecf00000, 0x0000000100000000)
  eden space 25088K, 100% used [0x00000000eab00000,0x00000000ec380000,0x00000000ec380000)
  from space 4608K, 0% used [0x00000000eca80000,0x00000000eca80000,0x00000000ecf00000)
  to   space 5632K, 0% used [0x00000000ec400000,0x00000000ec400000,0x00000000ec980000)
 ParOldGen       total 68608K, used 8406K [0x00000000c0000000, 0x00000000c4300000, 0x00000000eab00000)
  object space 68608K, 12% used [0x00000000c0000000,0x00000000c0835868,0x00000000c4300000)
 Metaspace       used 22735K, committed 23488K, reserved 1114112K
  class space    used 2116K, committed 2432K, reserved 1048576K
}
Event: 6.439 GC heap after
{Heap after GC invocations=8 (full 1):
 PSYoungGen      total 27648K, used 3060K [0x00000000eab00000, 0x00000000ecb00000, 0x0000000100000000)
  eden space 24576K, 0% used [0x00000000eab00000,0x00000000eab00000,0x00000000ec300000)
  from space 3072K, 99% used [0x00000000ec400000,0x00000000ec6fd360,0x00000000ec700000)
  to   space 4096K, 0% used [0x00000000ec700000,0x00000000ec700000,0x00000000ecb00000)
 ParOldGen       total 68608K, used 8414K [0x00000000c0000000, 0x00000000c4300000, 0x00000000eab00000)
  object space 68608K, 12% used [0x00000000c0000000,0x00000000c0837868,0x00000000c4300000)
 Metaspace       used 22735K, committed 23488K, reserved 1114112K
  class space    used 2116K, committed 2432K, reserved 1048576K
}
Event: 7.397 GC heap before
{Heap before GC invocations=9 (full 1):
 PSYoungGen      total 27648K, used 27636K [0x00000000eab00000, 0x00000000ecb00000, 0x0000000100000000)
  eden space 24576K, 100% used [0x00000000eab00000,0x00000000ec300000,0x00000000ec300000)
  from space 3072K, 99% used [0x00000000ec400000,0x00000000ec6fd360,0x00000000ec700000)
  to   space 4096K, 0% used [0x00000000ec700000,0x00000000ec700000,0x00000000ecb00000)
 ParOldGen       total 68608K, used 8414K [0x00000000c0000000, 0x00000000c4300000, 0x00000000eab00000)
  object space 68608K, 12% used [0x00000000c0000000,0x00000000c0837868,0x00000000c4300000)
 Metaspace       used 26587K, committed 27392K, reserved 1114112K
  class space    used 2517K, committed 2880K, reserved 1048576K
}
Event: 7.401 GC heap after
{Heap after GC invocations=9 (full 1):
 PSYoungGen      total 27648K, used 4082K [0x00000000eab00000, 0x00000000ecc80000, 0x0000000100000000)
  eden space 23552K, 0% used [0x00000000eab00000,0x00000000eab00000,0x00000000ec200000)
  from space 4096K, 99% used [0x00000000ec700000,0x00000000ecafcbb8,0x00000000ecb00000)
  to   space 5120K, 0% used [0x00000000ec200000,0x00000000ec200000,0x00000000ec700000)
 ParOldGen       total 68608K, used 8758K [0x00000000c0000000, 0x00000000c4300000, 0x00000000eab00000)
  object space 68608K, 12% used [0x00000000c0000000,0x00000000c088d878,0x00000000c4300000)
 Metaspace       used 26587K, committed 27392K, reserved 1114112K
  class space    used 2517K, committed 2880K, reserved 1048576K
}

Dll operation events (10 events):
Event: 0.024 Loaded shared library c:\Users\MSI\.vscode\extensions\redhat.java-1.40.0-win32-x64\jre\21.0.6-win32-x86_64\bin\java.dll
Event: 0.154 Loaded shared library c:\Users\MSI\.vscode\extensions\redhat.java-1.40.0-win32-x64\jre\21.0.6-win32-x86_64\bin\zip.dll
Event: 0.198 Loaded shared library C:\Users\MSI\.vscode\extensions\redhat.java-1.40.0-win32-x64\jre\21.0.6-win32-x86_64\bin\instrument.dll
Event: 0.207 Loaded shared library C:\Users\MSI\.vscode\extensions\redhat.java-1.40.0-win32-x64\jre\21.0.6-win32-x86_64\bin\net.dll
Event: 0.211 Loaded shared library C:\Users\MSI\.vscode\extensions\redhat.java-1.40.0-win32-x64\jre\21.0.6-win32-x86_64\bin\nio.dll
Event: 0.219 Loaded shared library C:\Users\MSI\.vscode\extensions\redhat.java-1.40.0-win32-x64\jre\21.0.6-win32-x86_64\bin\zip.dll
Event: 0.252 Loaded shared library C:\Users\MSI\.vscode\extensions\redhat.java-1.40.0-win32-x64\jre\21.0.6-win32-x86_64\bin\jimage.dll
Event: 0.391 Loaded shared library c:\Users\MSI\.vscode\extensions\redhat.java-1.40.0-win32-x64\jre\21.0.6-win32-x86_64\bin\verify.dll
Event: 2.401 Loaded shared library C:\Users\MSI\AppData\Roaming\Code\User\globalStorage\redhat.java\1.40.0\config_ss_win\org.eclipse.equinox.launcher\org.eclipse.equinox.launcher.win32.win32.x86_64_1.2.1200.v20250212-0927\eclipse_11909.dll
Event: 4.398 Loaded shared library C:\Users\MSI\AppData\Local\Temp\jna--46003921\jna1425564097322312779.dll

Deoptimization events (20 events):
Event: 11.499 Thread 0x000001ac0d5be5e0 Uncommon trap: trap_request=0xffffff45 fr.pc=0x000001abba0c73dc relative=0x0000000000000bdc
Event: 11.499 Thread 0x000001ac0d5be5e0 Uncommon trap: reason=unstable_if action=reinterpret pc=0x000001abba0c73dc method=java.util.concurrent.ConcurrentHashMap.transfer([Ljava/util/concurrent/ConcurrentHashMap$Node;[Ljava/util/concurrent/ConcurrentHashMap$Node;)V @ 26 c2
Event: 11.499 Thread 0x000001ac0d5be5e0 DEOPT PACKING pc=0x000001abba0c73dc sp=0x00000060ca8fd9b0
Event: 11.500 Thread 0x000001ac0d5be5e0 DEOPT UNPACKING pc=0x000001abb9a53aa2 sp=0x00000060ca8fd910 mode 2
Event: 11.523 Thread 0x000001ac0d5be5e0 Uncommon trap: trap_request=0xffffffde fr.pc=0x000001abba0a9374 relative=0x0000000000000054
Event: 11.523 Thread 0x000001ac0d5be5e0 Uncommon trap: reason=class_check action=maybe_recompile pc=0x000001abba0a9374 method=java.lang.invoke.DirectMethodHandle.internalMemberName(Ljava/lang/Object;)Ljava/lang/Object; @ 1 c2
Event: 11.523 Thread 0x000001ac0d5be5e0 DEOPT PACKING pc=0x000001abba0a9374 sp=0x00000060ca8fe730
Event: 11.523 Thread 0x000001ac0d5be5e0 DEOPT UNPACKING pc=0x000001abb9a53aa2 sp=0x00000060ca8fe6c0 mode 2
Event: 11.541 Thread 0x000001ac0d5be5e0 Uncommon trap: trap_request=0xffffff45 fr.pc=0x000001abba08b430 relative=0x00000000000002f0
Event: 11.541 Thread 0x000001ac0d5be5e0 Uncommon trap: reason=unstable_if action=reinterpret pc=0x000001abba08b430 method=java.net.URI$Parser.scan(IIJJ)I @ 42 c2
Event: 11.541 Thread 0x000001ac0d5be5e0 DEOPT PACKING pc=0x000001abba08b430 sp=0x00000060ca8fe1a0
Event: 11.541 Thread 0x000001ac0d5be5e0 DEOPT UNPACKING pc=0x000001abb9a53aa2 sp=0x00000060ca8fe110 mode 2
Event: 11.655 Thread 0x000001ac0d5be5e0 Uncommon trap: trap_request=0xffffffde fr.pc=0x000001abba0b9b44 relative=0x0000000000000844
Event: 11.655 Thread 0x000001ac0d5be5e0 Uncommon trap: reason=class_check action=maybe_recompile pc=0x000001abba0b9b44 method=java.util.regex.Pattern$Start.match(Ljava/util/regex/Matcher;ILjava/lang/CharSequence;)Z @ 44 c2
Event: 11.655 Thread 0x000001ac0d5be5e0 DEOPT PACKING pc=0x000001abba0b9b44 sp=0x00000060ca8fdc10
Event: 11.655 Thread 0x000001ac0d5be5e0 DEOPT UNPACKING pc=0x000001abb9a53aa2 sp=0x00000060ca8fdb70 mode 2
Event: 11.659 Thread 0x000001ac0d5be5e0 Uncommon trap: trap_request=0xffffffde fr.pc=0x000001abba0b9b44 relative=0x0000000000000844
Event: 11.659 Thread 0x000001ac0d5be5e0 Uncommon trap: reason=class_check action=maybe_recompile pc=0x000001abba0b9b44 method=java.util.regex.Pattern$Start.match(Ljava/util/regex/Matcher;ILjava/lang/CharSequence;)Z @ 44 c2
Event: 11.659 Thread 0x000001ac0d5be5e0 DEOPT PACKING pc=0x000001abba0b9b44 sp=0x00000060ca8fdc10
Event: 11.659 Thread 0x000001ac0d5be5e0 DEOPT UNPACKING pc=0x000001abb9a53aa2 sp=0x00000060ca8fdb70 mode 2

Classes loaded (20 events):
Event: 11.576 Loading class java/util/ServiceConfigurationError
Event: 11.577 Loading class java/util/ServiceConfigurationError done
Event: 11.651 Loading class java/util/concurrent/CompletableFuture$AltResult
Event: 11.652 Loading class java/util/concurrent/CompletableFuture$AltResult done
Event: 11.652 Loading class java/util/concurrent/CompletableFuture$Completion
Event: 11.652 Loading class java/util/concurrent/CompletableFuture$AsynchronousCompletionTask
Event: 11.652 Loading class java/util/concurrent/CompletableFuture$AsynchronousCompletionTask done
Event: 11.653 Loading class java/util/concurrent/CompletableFuture$Completion done
Event: 11.666 Loading class sun/nio/ch/WindowsAsynchronousFileChannelImpl$WriteTask
Event: 11.666 Loading class sun/nio/ch/WindowsAsynchronousFileChannelImpl$WriteTask done
Event: 16.539 Loading class java/util/concurrent/CompletableFuture$UniApply
Event: 16.539 Loading class java/util/concurrent/CompletableFuture$UniCompletion
Event: 16.539 Loading class java/util/concurrent/CompletableFuture$UniCompletion done
Event: 16.539 Loading class java/util/concurrent/CompletableFuture$UniApply done
Event: 16.542 Loading class java/util/concurrent/CancellationException
Event: 16.542 Loading class java/util/concurrent/CancellationException done
Event: 16.543 Loading class java/util/concurrent/CompletableFuture$UniAccept
Event: 16.544 Loading class java/util/concurrent/CompletableFuture$UniAccept done
Event: 16.544 Loading class java/util/concurrent/CompletableFuture$UniExceptionally
Event: 16.544 Loading class java/util/concurrent/CompletableFuture$UniExceptionally done

Classes unloaded (7 events):
Event: 5.564 Thread 0x000001abaf39e5a0 Unloading class 0x000001abc5187c00 'java/lang/invoke/LambdaForm$MH+0x000001abc5187c00'
Event: 5.564 Thread 0x000001abaf39e5a0 Unloading class 0x000001abc5187800 'java/lang/invoke/LambdaForm$MH+0x000001abc5187800'
Event: 5.564 Thread 0x000001abaf39e5a0 Unloading class 0x000001abc5187400 'java/lang/invoke/LambdaForm$MH+0x000001abc5187400'
Event: 5.564 Thread 0x000001abaf39e5a0 Unloading class 0x000001abc5187000 'java/lang/invoke/LambdaForm$MH+0x000001abc5187000'
Event: 5.564 Thread 0x000001abaf39e5a0 Unloading class 0x000001abc5186c00 'java/lang/invoke/LambdaForm$BMH+0x000001abc5186c00'
Event: 5.564 Thread 0x000001abaf39e5a0 Unloading class 0x000001abc5186800 'java/lang/invoke/LambdaForm$DMH+0x000001abc5186800'
Event: 5.564 Thread 0x000001abaf39e5a0 Unloading class 0x000001abc5185400 'java/lang/invoke/LambdaForm$DMH+0x000001abc5185400'

Classes redefined (0 events):
No events

Internal exceptions (20 events):
Event: 7.246 Thread 0x000001ac0bd23df0 Exception <a 'sun/nio/fs/WindowsException'{0x00000000ebdf9608}> (0x00000000ebdf9608) 
thrown [s\src\hotspot\share\prims\jni.cpp, line 520]
Event: 7.246 Thread 0x000001ac0bd23df0 Exception <a 'sun/nio/fs/WindowsException'{0x00000000ebdf9c38}> (0x00000000ebdf9c38) 
thrown [s\src\hotspot\share\prims\jni.cpp, line 520]
Event: 7.250 Thread 0x000001ac0bd23df0 Exception <a 'sun/nio/fs/WindowsException'{0x00000000ebe0f1b8}> (0x00000000ebe0f1b8) 
thrown [s\src\hotspot\share\prims\jni.cpp, line 520]
Event: 7.250 Thread 0x000001ac0bd23df0 Exception <a 'sun/nio/fs/WindowsException'{0x00000000ebe0f7e8}> (0x00000000ebe0f7e8) 
thrown [s\src\hotspot\share\prims\jni.cpp, line 520]
Event: 7.254 Thread 0x000001ac0bd23df0 Exception <a 'sun/nio/fs/WindowsException'{0x00000000ebe21588}> (0x00000000ebe21588) 
thrown [s\src\hotspot\share\prims\jni.cpp, line 520]
Event: 7.254 Thread 0x000001ac0bd23df0 Exception <a 'sun/nio/fs/WindowsException'{0x00000000ebe21bb8}> (0x00000000ebe21bb8) 
thrown [s\src\hotspot\share\prims\jni.cpp, line 520]
Event: 7.257 Thread 0x000001ac0bd23df0 Exception <a 'java/lang/NoSuchMethodError'{0x00000000ebe353a8}: 'void java.lang.invoke.DirectMethodHandle$Holder.invokeVirtual(java.lang.Object, java.lang.Object, java.lang.Object, java.lang.Object)'> (0x00000000ebe353a8) 
thrown [s\src\hotspot\share\interpreter\linkResolver.cpp, line 773]
Event: 7.396 Thread 0x000001ac0bd23df0 Exception <a 'java/io/FileNotFoundException'{0x00000000ec2dbfc0}> (0x00000000ec2dbfc0) 
thrown [s\src\hotspot\share\prims\jni.cpp, line 520]
Event: 7.397 Thread 0x000001ac0bd23df0 Exception <a 'java/io/FileNotFoundException'{0x00000000ec2dd230}> (0x00000000ec2dd230) 
thrown [s\src\hotspot\share\prims\jni.cpp, line 520]
Event: 7.402 Thread 0x000001ac0bd23df0 Exception <a 'java/lang/NoSuchMethodError'{0x00000000eab1b248}: 'java.lang.Object java.lang.invoke.DirectMethodHandle$Holder.newInvokeSpecial(java.lang.Object, java.lang.Object, java.lang.Object, int)'> (0x00000000eab1b248) 
thrown [s\src\hotspot\share\interpreter\linkResolver.cpp, line 773]
Event: 7.402 Thread 0x000001ac0bd23df0 Exception <a 'java/lang/NoSuchMethodError'{0x00000000eab1ee60}: 'java.lang.Object java.lang.invoke.DirectMethodHandle$Holder.invokeSpecial(java.lang.Object, java.lang.Object, java.lang.Object, java.lang.Object, int)'> (0x00000000eab1ee60) 
thrown [s\src\hotspot\share\interpreter\linkResolver.cpp, line 773]
Event: 7.403 Thread 0x000001ac0bd23df0 Exception <a 'java/lang/NoSuchMethodError'{0x00000000eab222f8}: 'java.lang.Object java.lang.invoke.Invokers$Holder.linkToTargetMethod(java.lang.Object, java.lang.Object, int, java.lang.Object)'> (0x00000000eab222f8) 
thrown [s\src\hotspot\share\interpreter\linkResolver.cpp, line 773]
Event: 7.405 Thread 0x000001ac0bd23df0 Exception <a 'java/lang/NoSuchMethodError'{0x00000000eab4d200}: 'void java.lang.invoke.DirectMethodHandle$Holder.invokeStaticInit(java.lang.Object, java.lang.Object, java.lang.Object)'> (0x00000000eab4d200) 
thrown [s\src\hotspot\share\interpreter\linkResolver.cpp, line 773]
Event: 7.691 Thread 0x000001abacefdd60 Exception <a 'java/lang/NoSuchMethodError'{0x00000000eb53fd50}: 'void java.lang.invoke.DirectMethodHandle$Holder.invokeSpecial(java.lang.Object, java.lang.Object, java.lang.Object, java.lang.Object, java.lang.Object, java.lang.Object)'> (0x00000000eb53fd50) 
thrown [s\src\hotspot\share\interpreter\linkResolver.cpp, line 773]
Event: 7.692 Thread 0x000001abacefdd60 Exception <a 'java/lang/IncompatibleClassChangeError'{0x00000000eb547ed0}: Found class java.lang.Object, but interface was expected> (0x00000000eb547ed0) 
thrown [s\src\hotspot\share\interpreter\linkResolver.cpp, line 840]
Event: 7.696 Thread 0x000001abacefdd60 Exception <a 'java/lang/IncompatibleClassChangeError'{0x00000000eb549b98}: Found class java.lang.Object, but interface was expected> (0x00000000eb549b98) 
thrown [s\src\hotspot\share\interpreter\linkResolver.cpp, line 840]
Event: 11.522 Thread 0x000001ac0d5be5e0 Exception <a 'java/lang/NoSuchMethodError'{0x00000000ebb334c0}: 'java.lang.Object java.lang.invoke.DirectMethodHandle$Holder.invokeInterface(java.lang.Object, java.lang.Object, java.lang.Object)'> (0x00000000ebb334c0) 
thrown [s\src\hotspot\share\interpreter\linkResolver.cpp, line 773]
Event: 11.545 Thread 0x000001ac0d5be5e0 Exception <a 'java/io/FileNotFoundException'{0x00000000ebbbeea0}> (0x00000000ebbbeea0) 
thrown [s\src\hotspot\share\prims\jni.cpp, line 520]
Event: 11.597 Thread 0x000001ac0d5be5e0 Exception <a 'sun/nio/fs/WindowsException'{0x00000000ebd461d0}> (0x00000000ebd461d0) 
thrown [s\src\hotspot\share\prims\jni.cpp, line 520]
Event: 15.581 Thread 0x000001ac0d5be5e0 Exception <a 'java/lang/IncompatibleClassChangeError'{0x00000000ec06b798}: Found class java.lang.Object, but interface was expected> (0x00000000ec06b798) 
thrown [s\src\hotspot\share\interpreter\linkResolver.cpp, line 840]

ZGC Phase Switch (0 events):
No events

VM Operations (20 events):
Event: 6.465 Executing VM operation: HandshakeAllThreads (Deoptimize)
Event: 6.468 Executing VM operation: HandshakeAllThreads (Deoptimize) done
Event: 6.475 Executing VM operation: HandshakeAllThreads (Deoptimize)
Event: 6.475 Executing VM operation: HandshakeAllThreads (Deoptimize) done
Event: 6.636 Executing VM operation: HandshakeAllThreads (Deoptimize)
Event: 6.636 Executing VM operation: HandshakeAllThreads (Deoptimize) done
Event: 6.662 Executing VM operation: HandshakeAllThreads (Deoptimize)
Event: 6.662 Executing VM operation: HandshakeAllThreads (Deoptimize) done
Event: 6.874 Executing VM operation: HandshakeAllThreads (Deoptimize)
Event: 6.874 Executing VM operation: HandshakeAllThreads (Deoptimize) done
Event: 7.397 Executing VM operation: ParallelGCFailedAllocation (Allocation Failure)
Event: 7.401 Executing VM operation: ParallelGCFailedAllocation (Allocation Failure) done
Event: 8.401 Executing VM operation: Cleanup
Event: 8.401 Executing VM operation: Cleanup done
Event: 11.412 Executing VM operation: Cleanup
Event: 11.412 Executing VM operation: Cleanup done
Event: 11.531 Executing VM operation: HandshakeAllThreads (Deoptimize)
Event: 11.531 Executing VM operation: HandshakeAllThreads (Deoptimize) done
Event: 12.536 Executing VM operation: Cleanup
Event: 12.536 Executing VM operation: Cleanup done

Memory protections (0 events):
No events

Nmethod flushes (0 events):
No events

Events (20 events):
Event: 7.339 Thread 0x000001abacefdd60 Thread added: 0x000001ac0bd22a40
Event: 7.339 Thread 0x000001abacefdd60 Thread added: 0x000001ac0bd21d20
Event: 7.339 Thread 0x000001abacefdd60 Thread added: 0x000001ac0d5bec70
Event: 7.339 Thread 0x000001abacefdd60 Thread added: 0x000001ac0d5bf300
Event: 7.340 Thread 0x000001abacefdd60 Thread added: 0x000001ac0d5c0020
Event: 7.340 Thread 0x000001abacefdd60 Thread added: 0x000001ac0d5bf990
Event: 7.340 Thread 0x000001abacefdd60 Thread added: 0x000001ac0d5c06b0
Event: 7.387 Thread 0x000001ac0bc23af0 Thread exited: 0x000001ac0bc23af0
Event: 7.387 Thread 0x000001ac0bed3ec0 Thread exited: 0x000001ac0bed3ec0
Event: 7.392 Thread 0x000001abacefdd60 Thread added: 0x000001ac0d5c0d40
Event: 7.409 Thread 0x000001ac0bb1ed00 Thread added: 0x000001ac0d5c13d0
Event: 7.553 Thread 0x000001ac06777090 Thread added: 0x000001ac0cf72d90
Event: 7.736 Thread 0x000001abacefdd60 Thread added: 0x000001ac0d5c1a60
Event: 7.737 Thread 0x000001abacefdd60 Thread added: 0x000001ac0d5be5e0
Event: 9.651 Thread 0x000001ac0b9b6050 Thread exited: 0x000001ac0b9b6050
Event: 11.359 Thread 0x000001ac0cf72d90 Thread exited: 0x000001ac0cf72d90
Event: 11.566 Thread 0x000001ac06777090 Thread added: 0x000001ac0b194410
Event: 11.789 Thread 0x000001ac0bd23df0 Thread added: 0x000001ac0d5c20f0
Event: 15.580 Thread 0x000001ac0b194410 Thread exited: 0x000001ac0b194410
Event: 16.543 Thread 0x000001ac0d5be5e0 Thread added: 0x000001ac0d5c4ee0


Dynamic libraries:
0x00007ff69d400000 - 0x00007ff69d40e000 	c:\Users\MSI\.vscode\extensions\redhat.java-1.40.0-win32-x64\jre\21.0.6-win32-x86_64\bin\java.exe
0x00007fffa5300000 - 0x00007fffa5563000 	C:\WINDOWS\SYSTEM32\ntdll.dll
0x00007fffa4bf0000 - 0x00007fffa4cb7000 	C:\WINDOWS\System32\KERNEL32.DLL
0x00007fffa2950000 - 0x00007fffa2d17000 	C:\WINDOWS\System32\KERNELBASE.dll
0x00007fffa2800000 - 0x00007fffa294c000 	C:\WINDOWS\System32\ucrtbase.dll
0x00007fff8b160000 - 0x00007fff8b178000 	c:\Users\MSI\.vscode\extensions\redhat.java-1.40.0-win32-x64\jre\21.0.6-win32-x86_64\bin\jli.dll
0x00007fffa4ec0000 - 0x00007fffa5089000 	C:\WINDOWS\System32\USER32.dll
0x00007fff89620000 - 0x00007fff8963e000 	c:\Users\MSI\.vscode\extensions\redhat.java-1.40.0-win32-x64\jre\21.0.6-win32-x86_64\bin\VCRUNTIME140.dll
0x00007fffa26a0000 - 0x00007fffa26c7000 	C:\WINDOWS\System32\win32u.dll
0x00007fff86ee0000 - 0x00007fff87170000 	C:\WINDOWS\WinSxS\amd64_microsoft.windows.common-controls_6595b64144ccf1df_6.0.26100.3037_none_3e09262ce333c378\COMCTL32.dll
0x00007fffa4e90000 - 0x00007fffa4eba000 	C:\WINDOWS\System32\GDI32.dll
0x00007fffa5210000 - 0x00007fffa52b9000 	C:\WINDOWS\System32\msvcrt.dll
0x00007fffa26d0000 - 0x00007fffa27fb000 	C:\WINDOWS\System32\gdi32full.dll
0x00007fffa2fd0000 - 0x00007fffa3073000 	C:\WINDOWS\System32\msvcp_win.dll
0x00007fffa4e50000 - 0x00007fffa4e7f000 	C:\WINDOWS\System32\IMM32.DLL
0x00007fff95e00000 - 0x00007fff95e0c000 	c:\Users\MSI\.vscode\extensions\redhat.java-1.40.0-win32-x64\jre\21.0.6-win32-x86_64\bin\vcruntime140_1.dll
0x00007fff38670000 - 0x00007fff386fd000 	c:\Users\MSI\.vscode\extensions\redhat.java-1.40.0-win32-x64\jre\21.0.6-win32-x86_64\bin\msvcp140.dll
0x00007ffeec090000 - 0x00007ffeece20000 	c:\Users\MSI\.vscode\extensions\redhat.java-1.40.0-win32-x64\jre\21.0.6-win32-x86_64\bin\server\jvm.dll
0x00007fffa47a0000 - 0x00007fffa4854000 	C:\WINDOWS\System32\ADVAPI32.dll
0x00007fffa50a0000 - 0x00007fffa5146000 	C:\WINDOWS\System32\sechost.dll
0x00007fffa3b60000 - 0x00007fffa3c76000 	C:\WINDOWS\System32\RPCRT4.dll
0x00007fffa3a20000 - 0x00007fffa3a94000 	C:\WINDOWS\System32\WS2_32.dll
0x00007fffa1300000 - 0x00007fffa134e000 	C:\WINDOWS\SYSTEM32\POWRPROF.dll
0x00007fff903c0000 - 0x00007fff903f6000 	C:\WINDOWS\SYSTEM32\WINMM.dll
0x00007fff963f0000 - 0x00007fff963fb000 	C:\WINDOWS\SYSTEM32\VERSION.dll
0x00007fffa12e0000 - 0x00007fffa12f4000 	C:\WINDOWS\SYSTEM32\UMPDC.dll
0x00007fffa15a0000 - 0x00007fffa15ba000 	C:\WINDOWS\SYSTEM32\kernel.appcore.dll
0x00007fff91230000 - 0x00007fff9123a000 	c:\Users\MSI\.vscode\extensions\redhat.java-1.40.0-win32-x64\jre\21.0.6-win32-x86_64\bin\jimage.dll
0x00007fff8f660000 - 0x00007fff8f8a1000 	C:\WINDOWS\SYSTEM32\DBGHELP.DLL
0x00007fffa4860000 - 0x00007fffa4bde000 	C:\WINDOWS\System32\combase.dll
0x00007fffa3e20000 - 0x00007fffa3ef6000 	C:\WINDOWS\System32\OLEAUT32.dll
0x00007fff8d1e0000 - 0x00007fff8d219000 	C:\WINDOWS\SYSTEM32\dbgcore.DLL
0x00007fffa2db0000 - 0x00007fffa2e49000 	C:\WINDOWS\System32\bcryptPrimitives.dll
0x00007fff8bae0000 - 0x00007fff8baef000 	c:\Users\MSI\.vscode\extensions\redhat.java-1.40.0-win32-x64\jre\21.0.6-win32-x86_64\bin\instrument.dll
0x00007fff841b0000 - 0x00007fff841cf000 	c:\Users\MSI\.vscode\extensions\redhat.java-1.40.0-win32-x64\jre\21.0.6-win32-x86_64\bin\java.dll
0x00007fffa4070000 - 0x00007fffa4774000 	C:\WINDOWS\System32\SHELL32.dll
0x00007fffa03a0000 - 0x00007fffa0bd7000 	C:\WINDOWS\SYSTEM32\windows.storage.dll
0x00007fffa38e0000 - 0x00007fffa39c9000 	C:\WINDOWS\System32\SHCORE.dll
0x00007fffa5150000 - 0x00007fffa51ad000 	C:\WINDOWS\System32\shlwapi.dll
0x00007fffa25b0000 - 0x00007fffa25de000 	C:\WINDOWS\SYSTEM32\profapi.dll
0x00007fff82ab0000 - 0x00007fff82ac8000 	c:\Users\MSI\.vscode\extensions\redhat.java-1.40.0-win32-x64\jre\21.0.6-win32-x86_64\bin\zip.dll
0x00007fff8a440000 - 0x00007fff8a450000 	C:\Users\MSI\.vscode\extensions\redhat.java-1.40.0-win32-x64\jre\21.0.6-win32-x86_64\bin\net.dll
0x00007fff9c180000 - 0x00007fff9c29e000 	C:\WINDOWS\SYSTEM32\WINHTTP.dll
0x00007fffa1a90000 - 0x00007fffa1afa000 	C:\WINDOWS\system32\mswsock.dll
0x00007fff77e30000 - 0x00007fff77e46000 	C:\Users\MSI\.vscode\extensions\redhat.java-1.40.0-win32-x64\jre\21.0.6-win32-x86_64\bin\nio.dll
0x00007fff85660000 - 0x00007fff85670000 	c:\Users\MSI\.vscode\extensions\redhat.java-1.40.0-win32-x64\jre\21.0.6-win32-x86_64\bin\verify.dll
0x00007fff5c300000 - 0x00007fff5c345000 	C:\Users\MSI\AppData\Roaming\Code\User\globalStorage\redhat.java\1.40.0\config_ss_win\org.eclipse.equinox.launcher\org.eclipse.equinox.launcher.win32.win32.x86_64_1.2.1200.v20250212-0927\eclipse_11909.dll
0x00007fffa3c80000 - 0x00007fffa3e15000 	C:\WINDOWS\System32\ole32.dll
0x00007fffa1e40000 - 0x00007fffa1e5c000 	C:\WINDOWS\SYSTEM32\CRYPTSP.dll
0x00007fffa1500000 - 0x00007fffa1538000 	C:\WINDOWS\system32\rsaenh.dll
0x00007fffa1b30000 - 0x00007fffa1b5b000 	C:\WINDOWS\SYSTEM32\USERENV.dll
0x00007fffa1fd0000 - 0x00007fffa1ff6000 	C:\WINDOWS\SYSTEM32\bcrypt.dll
0x00007fffa1cc0000 - 0x00007fffa1ccc000 	C:\WINDOWS\SYSTEM32\CRYPTBASE.dll
0x00007fffa0f30000 - 0x00007fffa0f62000 	C:\WINDOWS\SYSTEM32\IPHLPAPI.DLL
0x00007fffa5090000 - 0x00007fffa509a000 	C:\WINDOWS\System32\NSI.dll
0x00007fff75870000 - 0x00007fff758b9000 	C:\Users\MSI\AppData\Local\Temp\jna--46003921\jna1425564097322312779.dll
0x00007fffa3b50000 - 0x00007fffa3b58000 	C:\WINDOWS\System32\PSAPI.DLL
0x00007fff9bc20000 - 0x00007fff9bc3f000 	C:\WINDOWS\SYSTEM32\dhcpcsvc6.DLL
0x00007fff9bba0000 - 0x00007fff9bbc5000 	C:\WINDOWS\SYSTEM32\dhcpcsvc.DLL

dbghelp: loaded successfully - version: 4.0.5 - missing functions: none
symbol engine: initialized successfully - sym options: 0x614 - pdb path: .;c:\Users\MSI\.vscode\extensions\redhat.java-1.40.0-win32-x64\jre\21.0.6-win32-x86_64\bin;C:\WINDOWS\SYSTEM32;C:\WINDOWS\WinSxS\amd64_microsoft.windows.common-controls_6595b64144ccf1df_6.0.26100.3037_none_3e09262ce333c378;c:\Users\MSI\.vscode\extensions\redhat.java-1.40.0-win32-x64\jre\21.0.6-win32-x86_64\bin\server;C:\Users\MSI\AppData\Roaming\Code\User\globalStorage\redhat.java\1.40.0\config_ss_win\org.eclipse.equinox.launcher\org.eclipse.equinox.launcher.win32.win32.x86_64_1.2.1200.v20250212-0927;C:\Users\MSI\AppData\Local\Temp\jna--46003921

VM Arguments:
jvm_args: --add-modules=ALL-SYSTEM --add-opens=java.base/java.util=ALL-UNNAMED --add-opens=java.base/java.lang=ALL-UNNAMED --add-opens=java.base/sun.nio.fs=ALL-UNNAMED -Declipse.application=org.eclipse.jdt.ls.core.id1 -Dosgi.bundles.defaultStartLevel=4 -Declipse.product=org.eclipse.jdt.ls.core.product -Djava.import.generatesMetadataFilesAtProjectRoot=false -DDetectVMInstallationsJob.disabled=true -Dfile.encoding=utf8 -XX:+UseParallelGC -XX:GCTimeRatio=4 -XX:AdaptiveSizePolicyWeight=90 -Dsun.zip.disableMemoryMapping=true -Xmx1G -Xms100m -Xlog:disable -javaagent:c:\Users\MSI\.vscode\extensions\redhat.java-1.40.0-win32-x64\lombok\lombok-1.18.36.jar 
java_command: c:\Users\MSI\.vscode\extensions\redhat.java-1.40.0-win32-x64\server\plugins\org.eclipse.equinox.launcher_1.6.1000.v20250131-0606.jar -configuration c:\Users\MSI\AppData\Roaming\Code\User\globalStorage\redhat.java\1.40.0\config_ss_win -data c:\Users\MSI\AppData\Roaming\Code\User\workspaceStorage\712a9e2655f8ffa8a765fca8cf9fdac7\redhat.java\ss_ws --pipe=\\.\pipe\lsp-6757d0b291420c0e423bbc22f2f3dbf3-sock
java_class_path (initial): c:\Users\MSI\.vscode\extensions\redhat.java-1.40.0-win32-x64\server\plugins\org.eclipse.equinox.launcher_1.6.1000.v20250131-0606.jar
Launcher Type: SUN_STANDARD

[Global flags]
    uintx AdaptiveSizePolicyWeight                 = 90                                        {product} {command line}
     intx CICompilerCount                          = 4                                         {product} {ergonomic}
    uintx GCTimeRatio                              = 4                                         {product} {command line}
   size_t InitialHeapSize                          = 104857600                                 {product} {command line}
   size_t MaxHeapSize                              = 1073741824                                {product} {command line}
   size_t MaxNewSize                               = 357564416                                 {product} {ergonomic}
   size_t MinHeapDeltaBytes                        = 524288                                    {product} {ergonomic}
   size_t MinHeapSize                              = 104857600                                 {product} {command line}
   size_t NewSize                                  = 34603008                                  {product} {ergonomic}
    uintx NonNMethodCodeHeapSize                   = 5839372                                {pd product} {ergonomic}
    uintx NonProfiledCodeHeapSize                  = 122909434                              {pd product} {ergonomic}
   size_t OldSize                                  = 70254592                                  {product} {ergonomic}
    uintx ProfiledCodeHeapSize                     = 122909434                              {pd product} {ergonomic}
    uintx ReservedCodeCacheSize                    = 251658240                              {pd product} {ergonomic}
     bool SegmentedCodeCache                       = true                                      {product} {ergonomic}
   size_t SoftMaxHeapSize                          = 1073741824                             {manageable} {ergonomic}
     bool UseCompressedOops                        = true                           {product lp64_product} {ergonomic}
     bool UseLargePagesIndividualAllocation        = false                                  {pd product} {ergonomic}
     bool UseParallelGC                            = true                                      {product} {command line}

Logging:
Log output configuration:
 #0: stdout all=off uptime,level,tags foldmultilines=false
 #1: stderr all=off uptime,level,tags foldmultilines=false

Environment Variables:
JAVA_HOME=C:\Program Files\Java\jdk-21
PATH=C:\Python312\Scripts\;C:\Python312\;C:\Program Files\Common Files\Oracle\Java\javapath;C:\WINDOWS\system32;C:\WINDOWS;C:\WINDOWS\System32\Wbem;C:\WINDOWS\System32\WindowsPowerShell\v1.0\;C:\WINDOWS\System32\OpenSSH\;C:\Program Files\Microsoft VS Code\bin;C:\ProgramData\chocolatey\bin;C:\MinGW\bin;C:\Program Files\MySQL\MySQL Server 8.0\bin;C:\Python312;C:\Users\MSI\AppData\Local\Programs\Python\Python312\Scripts\pip.exe;C:\Program Files\MongoDB\Server\7.0\bin;C:\Program Files\Java\jdk-21\bin;C:\Program Files (x86)\NVIDIA Corporation\PhysX\Common;C:\Program Files\Git\cmd;C:\Program Files\dotnet\;C:\Program Files\nodejs\;C:\xampp\php;C:\ProgramData\ComposerSetup\bin;C:\Program Files\NVIDIA Corporation\NVIDIA app\NvDLISR;C:\Program Files (x86)\Microsoft Visual Studio\2019\BuildTools\VC\Tools\MSVC\14.29.30133\bin\Hostx64\x64\cl.exe;C:\apache-maven-3.9.9-bin\apache-maven-3.9.9\bin;C:\Program Files\Docker\Docker\resources\bin;C:\Program Files\Docker\Docker\resources\bin;C:\Program Files\Cloudflare\Cloudflare WARP\;C:\Program Files\Common Files\Oracle\Java\javapath;C:\WINDOWS\system32;C:\WINDOWS;C:\WINDOWS\System32\Wbem;C:\WINDOWS\System32\WindowsPowerShell\v1.0\;C:\WINDOWS\System32\OpenSSH\;C:\Program Files\Microsoft VS Code\bin;C:\ProgramData\chocolatey\bin;C:\MinGW\bin;C:\Program Files\nodejs\;C:\Program Files\MySQL\MySQL Server 8.0\bin;C:\Python312;C:\Users\MSI\AppData\Local\Programs\Python\Python312\Scripts\pip.exe;C:\Program Files\MongoDB\Server\7.0\bin;C:\Program Files\Java\jdk-21\bin;C:\Program Files\NVIDIA Corporation\NVIDIA NvDLISR;C:\Program Files (x86)\NVIDIA Corporation\PhysX\Common;C:\Program Files\Git\cmd;C:\Program Files\dotnet\;C:\Users\MSI\AppData\Local\Programs\Python\Python311\Scripts\;C:\Users\MSI\AppData\Local\Programs\Python\Python311\;C:\Ruby32-x64\bin;C:\Program Files\PuTTY\;C:\Users\MSI\AppData\Local\Programs\Python\Python312;C:\Program Files\swipl\bin;C:\Users\MSI\AppData\Local\Programs\Python\Python312\Scripts\;C:\Users\MSI\AppData\Local\Programs\Python\Python312\;C:\Users\MSI\AppData\Local\Microsoft\WindowsApps;C:\Users\MSI\AppData\Roaming\cabal\bin;C:\tools\ghc-9.6.2\bin;C:\tools\msys64;C:\Users\MSI\AppData\Local\GitHubDesktop\bin;C:\Python312\python.exe;C:\Users\MSI\AppData\Local\spicetify;C:\Users\MSI\AppData\Roaming\npm\node_modules\yarn\bin;C:\Users\MSI\AppData\Roaming\npm;C:\Users\MSI\AppData\Roaming\Composer\vendor\bin;C:\xampp;;%USERPROFILE%\AppData\Local\Microsoft\WindowsApps
USERNAME=pecintaikan
OS=Windows_NT
PROCESSOR_IDENTIFIER=Intel64 Family 6 Model 165 Stepping 2, GenuineIntel
TMP=C:\Users\MSI\AppData\Local\Temp
TEMP=C:\Users\MSI\AppData\Local\Temp




Periodic native trim disabled

---------------  S Y S T E M  ---------------

OS:
 Windows 11 , 64 bit Build 26100 (10.0.26100.3037)
OS uptime: 0 days 21:01 hours
Hyper-V role detected

CPU: total 12 (initial active 12) (6 cores per cpu, 2 threads per core) family 6 model 165 stepping 2 microcode 0xe2, cx8, cmov, fxsr, ht, mmx, 3dnowpref, sse, sse2, sse3, ssse3, sse4.1, sse4.2, popcnt, lzcnt, tsc, tscinvbit, avx, avx2, aes, erms, clmul, bmi1, bmi2, adx, fma, vzeroupper, clflush, clflushopt, hv, rdtscp, f16c
Processor Information for the first 12 processors :
  Max Mhz: 2496, Current Mhz: 2496, Mhz Limit: 2496

Memory: 4k page, system-wide physical 16202M (2725M free)
TotalPageFile size 22013M (AvailPageFile size 4M)
current process WorkingSet (physical memory assigned to process): 146M, peak: 170M
current process commit charge ("private bytes"): 250M, peak: 276M

vm_info: OpenJDK 64-Bit Server VM (21.0.6+7-LTS) for windows-amd64 JRE (21.0.6+7-LTS), built on 2025-01-21T00:00:00Z by "admin" with MS VC++ 17.7 (VS2022)

END.
